 
 -------------- celery@kingaliubunto-VivoBook-ASUSLaptop-X571GT-K571GT v5.2.7 (dawn-chorus)
--- ***** ----- 
-- ******* ---- Linux-5.19.0-40-generic-x86_64-with-glibc2.35 2023-04-25 16:54:36
- *** --- * --- 
- ** ---------- [config]
- ** ---------- .> app:         OnlineShop:0x7f4d39c61720
- ** ---------- .> transport:   amqp://guest:**@localhost:5672//
- ** ---------- .> results:     rpc://
- *** --- * --- .> concurrency: 12 (prefork)
-- ******* ---- .> task events: OFF (enable -E to monitor tasks in this worker)
--- ***** ----- 
 -------------- [queues]
                .> celery           exchange=celery(direct) key=celery
                

[tasks]
  . accounts.tasks.remove_expired_otp_codes
  . home.tasks.delete_object_bucket
  . home.tasks.download_bucket_object

celery beat v5.2.7 (dawn-chorus) is starting.
__    -    ... __   -        _
LocalTime -> 2023-04-25 17:17:04
Configuration ->
    . broker -> amqp://guest:**@localhost:5672//
    . loader -> celery.loaders.app.AppLoader
    . scheduler -> django_celery_beat.schedulers.DatabaseScheduler

    . logfile -> [stderr]@%INFO
    . maxinterval -> 5.00 seconds (5s)
 
 -------------- celery@kingaliubunto-VivoBook-ASUSLaptop-X571GT-K571GT v5.2.7 (dawn-chorus)
--- ***** ----- 
-- ******* ---- Linux-5.19.0-40-generic-x86_64-with-glibc2.35 2023-04-27 07:53:13
- *** --- * --- 
- ** ---------- [config]
- ** ---------- .> app:         OnlineShop:0x7f1fca369720
- ** ---------- .> transport:   amqp://guest:**@localhost:5672//
- ** ---------- .> results:     rpc://
- *** --- * --- .> concurrency: 12 (prefork)
-- ******* ---- .> task events: OFF (enable -E to monitor tasks in this worker)
--- ***** ----- 
 -------------- [queues]
                .> celery           exchange=celery(direct) key=celery
                

[tasks]
  . accounts.tasks.remove_expired_otp_codes
  . home.tasks.delete_object_bucket
  . home.tasks.download_bucket_object

celery beat v5.2.7 (dawn-chorus) is starting.
__    -    ... __   -        _
LocalTime -> 2023-04-27 07:53:12
Configuration ->
    . broker -> amqp://guest:**@localhost:5672//
    . loader -> celery.loaders.app.AppLoader
    . scheduler -> django_celery_beat.schedulers.DatabaseScheduler

    . logfile -> [stderr]@%INFO
    . maxinterval -> 5.00 seconds (5s)
 
 -------------- celery@kingaliubunto-VivoBook-ASUSLaptop-X571GT-K571GT v5.2.7 (dawn-chorus)
--- ***** ----- 
-- ******* ---- Linux-5.19.0-40-generic-x86_64-with-glibc2.35 2023-04-27 09:08:09
- *** --- * --- 
- ** ---------- [config]
- ** ---------- .> app:         OnlineShop:0x7f807cb4d720
- ** ---------- .> transport:   amqp://guest:**@localhost:5672//
- ** ---------- .> results:     rpc://
- *** --- * --- .> concurrency: 12 (prefork)
-- ******* ---- .> task events: OFF (enable -E to monitor tasks in this worker)
--- ***** ----- 
 -------------- [queues]
                .> celery           exchange=celery(direct) key=celery
                

[tasks]
  . accounts.tasks.remove_expired_otp_codes
  . home.tasks.delete_object_bucket
  . home.tasks.download_bucket_object

celery beat v5.2.7 (dawn-chorus) is starting.
__    -    ... __   -        _
LocalTime -> 2023-04-27 09:08:09
Configuration ->
    . broker -> amqp://guest:**@localhost:5672//
    . loader -> celery.loaders.app.AppLoader
    . scheduler -> django_celery_beat.schedulers.DatabaseScheduler

    . logfile -> [stderr]@%INFO
    . maxinterval -> 5.00 seconds (5s)
 
 -------------- celery@kingaliubunto-VivoBook-ASUSLaptop-X571GT-K571GT v5.2.7 (dawn-chorus)
--- ***** ----- 
-- ******* ---- Linux-5.19.0-40-generic-x86_64-with-glibc2.35 2023-04-29 04:25:15
- *** --- * --- 
- ** ---------- [config]
- ** ---------- .> app:         OnlineShop:0x7f8279d69720
- ** ---------- .> transport:   amqp://guest:**@localhost:5672//
- ** ---------- .> results:     rpc://
- *** --- * --- .> concurrency: 12 (prefork)
-- ******* ---- .> task events: OFF (enable -E to monitor tasks in this worker)
--- ***** ----- 
 -------------- [queues]
                .> celery           exchange=celery(direct) key=celery
                

[tasks]
  . accounts.tasks.remove_expired_otp_codes
  . home.tasks.delete_object_bucket
  . home.tasks.download_bucket_object

celery beat v5.2.7 (dawn-chorus) is starting.
__    -    ... __   -        _
LocalTime -> 2023-04-29 04:25:15
Configuration ->
    . broker -> amqp://guest:**@localhost:5672//
    . loader -> celery.loaders.app.AppLoader
    . scheduler -> django_celery_beat.schedulers.DatabaseScheduler

    . logfile -> [stderr]@%INFO
    . maxinterval -> 5.00 seconds (5s)
 
 -------------- celery@kingaliubunto-VivoBook-ASUSLaptop-X571GT-K571GT v5.2.7 (dawn-chorus)
--- ***** ----- 
-- ******* ---- Linux-5.19.0-40-generic-x86_64-with-glibc2.35 2023-04-29 11:58:29
- *** --- * --- 
- ** ---------- [config]
- ** ---------- .> app:         OnlineShop:0x7f0d6b26d720
- ** ---------- .> transport:   amqp://guest:**@localhost:5672//
- ** ---------- .> results:     rpc://
- *** --- * --- .> concurrency: 12 (prefork)
-- ******* ---- .> task events: OFF (enable -E to monitor tasks in this worker)
--- ***** ----- 
 -------------- [queues]
                .> celery           exchange=celery(direct) key=celery
                

[tasks]
  . accounts.tasks.remove_expired_otp_codes
  . home.tasks.delete_object_bucket
  . home.tasks.download_bucket_object

celery beat v5.2.7 (dawn-chorus) is starting.
__    -    ... __   -        _
LocalTime -> 2023-04-29 11:58:29
Configuration ->
    . broker -> amqp://guest:**@localhost:5672//
    . loader -> celery.loaders.app.AppLoader
    . scheduler -> django_celery_beat.schedulers.DatabaseScheduler

    . logfile -> [stderr]@%INFO
    . maxinterval -> 5.00 seconds (5s)
 
 -------------- celery@kingaliubunto-VivoBook-ASUSLaptop-X571GT-K571GT v5.2.7 (dawn-chorus)
--- ***** ----- 
-- ******* ---- Linux-5.19.0-40-generic-x86_64-with-glibc2.35 2023-04-30 06:38:44
- *** --- * --- 
- ** ---------- [config]
- ** ---------- .> app:         OnlineShop:0x7fb22cc6d720
- ** ---------- .> transport:   amqp://guest:**@localhost:5672//
- ** ---------- .> results:     rpc://
- *** --- * --- .> concurrency: 12 (prefork)
-- ******* ---- .> task events: OFF (enable -E to monitor tasks in this worker)
--- ***** ----- 
 -------------- [queues]
                .> celery           exchange=celery(direct) key=celery
                

[tasks]
  . accounts.tasks.remove_expired_otp_codes
  . home.tasks.delete_object_bucket
  . home.tasks.download_bucket_object

celery beat v5.2.7 (dawn-chorus) is starting.
__    -    ... __   -        _
LocalTime -> 2023-04-30 06:38:44
Configuration ->
    . broker -> amqp://guest:**@localhost:5672//
    . loader -> celery.loaders.app.AppLoader
    . scheduler -> django_celery_beat.schedulers.DatabaseScheduler

    . logfile -> [stderr]@%INFO
    . maxinterval -> 5.00 seconds (5s)
 
 -------------- celery@kingaliubunto-VivoBook-ASUSLaptop-X571GT-K571GT v5.2.7 (dawn-chorus)
--- ***** ----- 
-- ******* ---- Linux-5.19.0-40-generic-x86_64-with-glibc2.35 2023-05-01 07:48:51
- *** --- * --- 
- ** ---------- [config]
- ** ---------- .> app:         OnlineShop:0x7f0c77c61720
- ** ---------- .> transport:   amqp://guest:**@localhost:5672//
- ** ---------- .> results:     rpc://
- *** --- * --- .> concurrency: 12 (prefork)
-- ******* ---- .> task events: OFF (enable -E to monitor tasks in this worker)
--- ***** ----- 
 -------------- [queues]
                .> celery           exchange=celery(direct) key=celery
                

[tasks]
  . accounts.tasks.remove_expired_otp_codes
  . home.tasks.delete_object_bucket
  . home.tasks.download_bucket_object

celery beat v5.2.7 (dawn-chorus) is starting.
__    -    ... __   -        _
LocalTime -> 2023-05-01 07:48:50
Configuration ->
    . broker -> amqp://guest:**@localhost:5672//
    . loader -> celery.loaders.app.AppLoader
    . scheduler -> django_celery_beat.schedulers.DatabaseScheduler

    . logfile -> [stderr]@%INFO
    . maxinterval -> 5.00 seconds (5s)
 
 -------------- celery@kingaliubunto-VivoBook-ASUSLaptop-X571GT-K571GT v5.2.7 (dawn-chorus)
--- ***** ----- 
-- ******* ---- Linux-5.19.0-40-generic-x86_64-with-glibc2.35 2023-05-01 07:53:31
- *** --- * --- 
- ** ---------- [config]
- ** ---------- .> app:         OnlineShop:0x7f0305861720
- ** ---------- .> transport:   amqp://guest:**@localhost:5672//
- ** ---------- .> results:     rpc://
- *** --- * --- .> concurrency: 12 (prefork)
-- ******* ---- .> task events: OFF (enable -E to monitor tasks in this worker)
--- ***** ----- 
 -------------- [queues]
                .> celery           exchange=celery(direct) key=celery
                

[tasks]
  . accounts.tasks.remove_expired_otp_codes
  . home.tasks.delete_object_bucket
  . home.tasks.download_bucket_object

celery beat v5.2.7 (dawn-chorus) is starting.
__    -    ... __   -        _
LocalTime -> 2023-05-01 07:53:31
Configuration ->
    . broker -> amqp://guest:**@localhost:5672//
    . loader -> celery.loaders.app.AppLoader
    . scheduler -> django_celery_beat.schedulers.DatabaseScheduler

    . logfile -> [stderr]@%INFO
    . maxinterval -> 5.00 seconds (5s)
 
 -------------- celery@kingaliubunto-VivoBook-ASUSLaptop-X571GT-K571GT v5.2.7 (dawn-chorus)
--- ***** ----- 
-- ******* ---- Linux-5.19.0-40-generic-x86_64-with-glibc2.35 2023-05-01 08:04:43
- *** --- * --- 
- ** ---------- [config]
- ** ---------- .> app:         OnlineShop:0x7f5147c61720
- ** ---------- .> transport:   amqp://guest:**@localhost:5672//
- ** ---------- .> results:     rpc://
- *** --- * --- .> concurrency: 12 (prefork)
-- ******* ---- .> task events: OFF (enable -E to monitor tasks in this worker)
--- ***** ----- 
 -------------- [queues]
                .> celery           exchange=celery(direct) key=celery
                

[tasks]
  . accounts.tasks.remove_expired_otp_codes
  . home.tasks.delete_object_bucket
  . home.tasks.download_bucket_object

celery beat v5.2.7 (dawn-chorus) is starting.
__    -    ... __   -        _
LocalTime -> 2023-05-01 08:04:43
Configuration ->
    . broker -> amqp://guest:**@localhost:5672//
    . loader -> celery.loaders.app.AppLoader
    . scheduler -> django_celery_beat.schedulers.DatabaseScheduler

    . logfile -> [stderr]@%INFO
    . maxinterval -> 5.00 seconds (5s)
 
 -------------- celery@kingaliubunto-VivoBook-ASUSLaptop-X571GT-K571GT v5.2.7 (dawn-chorus)
--- ***** ----- 
-- ******* ---- Linux-5.19.0-40-generic-x86_64-with-glibc2.35 2023-05-01 11:45:50
- *** --- * --- 
- ** ---------- [config]
- ** ---------- .> app:         OnlineShop:0x7f30f9b69720
- ** ---------- .> transport:   amqp://guest:**@localhost:5672//
- ** ---------- .> results:     rpc://
- *** --- * --- .> concurrency: 12 (prefork)
-- ******* ---- .> task events: OFF (enable -E to monitor tasks in this worker)
--- ***** ----- 
 -------------- [queues]
                .> celery           exchange=celery(direct) key=celery
                

[tasks]
  . accounts.tasks.remove_expired_otp_codes
  . home.tasks.delete_object_bucket
  . home.tasks.download_bucket_object

celery beat v5.2.7 (dawn-chorus) is starting.
__    -    ... __   -        _
LocalTime -> 2023-05-01 11:45:50
Configuration ->
    . broker -> amqp://guest:**@localhost:5672//
    . loader -> celery.loaders.app.AppLoader
    . scheduler -> django_celery_beat.schedulers.DatabaseScheduler

    . logfile -> [stderr]@%INFO
    . maxinterval -> 5.00 seconds (5s)
 
 -------------- celery@kingaliubunto-VivoBook-ASUSLaptop-X571GT-K571GT v5.2.7 (dawn-chorus)
--- ***** ----- 
-- ******* ---- Linux-5.19.0-40-generic-x86_64-with-glibc2.35 2023-05-01 13:38:45
- *** --- * --- 
- ** ---------- [config]
- ** ---------- .> app:         OnlineShop:0x7f1232175720
- ** ---------- .> transport:   amqp://guest:**@localhost:5672//
- ** ---------- .> results:     rpc://
- *** --- * --- .> concurrency: 12 (prefork)
-- ******* ---- .> task events: OFF (enable -E to monitor tasks in this worker)
--- ***** ----- 
 -------------- [queues]
                .> celery           exchange=celery(direct) key=celery
                

[tasks]
  . accounts.tasks.remove_expired_otp_codes
  . home.tasks.delete_object_bucket
  . home.tasks.download_bucket_object

celery beat v5.2.7 (dawn-chorus) is starting.
__    -    ... __   -        _
LocalTime -> 2023-05-01 13:38:45
Configuration ->
    . broker -> amqp://guest:**@localhost:5672//
    . loader -> celery.loaders.app.AppLoader
    . scheduler -> django_celery_beat.schedulers.DatabaseScheduler

    . logfile -> [stderr]@%INFO
    . maxinterval -> 5.00 seconds (5s)
 
 -------------- celery@kingaliubunto-VivoBook-ASUSLaptop-X571GT-K571GT v5.2.7 (dawn-chorus)
--- ***** ----- 
-- ******* ---- Linux-5.19.0-40-generic-x86_64-with-glibc2.35 2023-05-01 14:28:13
- *** --- * --- 
- ** ---------- [config]
- ** ---------- .> app:         OnlineShop:0x7f4a2366d720
- ** ---------- .> transport:   amqp://guest:**@localhost:5672//
- ** ---------- .> results:     rpc://
- *** --- * --- .> concurrency: 12 (prefork)
-- ******* ---- .> task events: OFF (enable -E to monitor tasks in this worker)
--- ***** ----- 
 -------------- [queues]
                .> celery           exchange=celery(direct) key=celery
                

[tasks]
  . accounts.tasks.remove_expired_otp_codes
  . home.tasks.delete_object_bucket
  . home.tasks.download_bucket_object

celery beat v5.2.7 (dawn-chorus) is starting.
__    -    ... __   -        _
LocalTime -> 2023-05-01 14:28:10
Configuration ->
    . broker -> amqp://guest:**@localhost:5672//
    . loader -> celery.loaders.app.AppLoader
    . scheduler -> django_celery_beat.schedulers.DatabaseScheduler

    . logfile -> [stderr]@%INFO
    . maxinterval -> 5.00 seconds (5s)
 
 -------------- celery@kingaliubunto-VivoBook-ASUSLaptop-X571GT-K571GT v5.2.7 (dawn-chorus)
--- ***** ----- 
-- ******* ---- Linux-5.19.0-40-generic-x86_64-with-glibc2.35 2023-05-01 15:17:40
- *** --- * --- 
- ** ---------- [config]
- ** ---------- .> app:         OnlineShop:0x7f7c4617d720
- ** ---------- .> transport:   amqp://guest:**@localhost:5672//
- ** ---------- .> results:     rpc://
- *** --- * --- .> concurrency: 12 (prefork)
-- ******* ---- .> task events: OFF (enable -E to monitor tasks in this worker)
--- ***** ----- 
 -------------- [queues]
                .> celery           exchange=celery(direct) key=celery
                

[tasks]
  . accounts.tasks.remove_expired_otp_codes
  . home.tasks.delete_object_bucket
  . home.tasks.download_bucket_object

celery beat v5.2.7 (dawn-chorus) is starting.
__    -    ... __   -        _
LocalTime -> 2023-05-01 15:17:35
Configuration ->
    . broker -> amqp://guest:**@localhost:5672//
    . loader -> celery.loaders.app.AppLoader
    . scheduler -> django_celery_beat.schedulers.DatabaseScheduler

    . logfile -> [stderr]@%INFO
    . maxinterval -> 5.00 seconds (5s)
 
 -------------- celery@kingaliubunto-VivoBook-ASUSLaptop-X571GT-K571GT v5.2.7 (dawn-chorus)
--- ***** ----- 
-- ******* ---- Linux-5.19.0-40-generic-x86_64-with-glibc2.35 2023-05-02 13:49:47
- *** --- * --- 
- ** ---------- [config]
- ** ---------- .> app:         OnlineShop:0x7f036e965720
- ** ---------- .> transport:   amqp://guest:**@localhost:5672//
- ** ---------- .> results:     rpc://
- *** --- * --- .> concurrency: 12 (prefork)
-- ******* ---- .> task events: OFF (enable -E to monitor tasks in this worker)
--- ***** ----- 
 -------------- [queues]
                .> celery           exchange=celery(direct) key=celery
                

[tasks]
  . accounts.tasks.remove_expired_otp_codes
  . home.tasks.delete_object_bucket
  . home.tasks.download_bucket_object

celery beat v5.2.7 (dawn-chorus) is starting.
__    -    ... __   -        _
LocalTime -> 2023-05-02 13:49:47
Configuration ->
    . broker -> amqp://guest:**@localhost:5672//
    . loader -> celery.loaders.app.AppLoader
    . scheduler -> django_celery_beat.schedulers.DatabaseScheduler

    . logfile -> [stderr]@%INFO
    . maxinterval -> 5.00 seconds (5s)
 
 -------------- celery@kingaliubunto-VivoBook-ASUSLaptop-X571GT-K571GT v5.2.7 (dawn-chorus)
--- ***** ----- 
-- ******* ---- Linux-5.19.0-40-generic-x86_64-with-glibc2.35 2023-05-03 10:11:18
- *** --- * --- 
- ** ---------- [config]
- ** ---------- .> app:         OnlineShop:0x7f2c2b77d720
- ** ---------- .> transport:   amqp://guest:**@localhost:5672//
- ** ---------- .> results:     rpc://
- *** --- * --- .> concurrency: 12 (prefork)
-- ******* ---- .> task events: OFF (enable -E to monitor tasks in this worker)
--- ***** ----- 
 -------------- [queues]
                .> celery           exchange=celery(direct) key=celery
                

[tasks]
  . accounts.tasks.remove_expired_otp_codes
  . home.tasks.delete_object_bucket
  . home.tasks.download_bucket_object

celery beat v5.2.7 (dawn-chorus) is starting.
__    -    ... __   -        _
LocalTime -> 2023-05-03 10:11:15
Configuration ->
    . broker -> amqp://guest:**@localhost:5672//
    . loader -> celery.loaders.app.AppLoader
    . scheduler -> django_celery_beat.schedulers.DatabaseScheduler

    . logfile -> [stderr]@%INFO
    . maxinterval -> 5.00 seconds (5s)
 
 -------------- celery@kingaliubunto-VivoBook-ASUSLaptop-X571GT-K571GT v5.2.7 (dawn-chorus)
--- ***** ----- 
-- ******* ---- Linux-5.19.0-40-generic-x86_64-with-glibc2.35 2023-05-03 11:00:45
- *** --- * --- 
- ** ---------- [config]
- ** ---------- .> app:         OnlineShop:0x7f7f03a61720
- ** ---------- .> transport:   amqp://guest:**@localhost:5672//
- ** ---------- .> results:     rpc://
- *** --- * --- .> concurrency: 12 (prefork)
-- ******* ---- .> task events: OFF (enable -E to monitor tasks in this worker)
--- ***** ----- 
 -------------- [queues]
                .> celery           exchange=celery(direct) key=celery
                

[tasks]
  . accounts.tasks.remove_expired_otp_codes
  . home.tasks.delete_object_bucket
  . home.tasks.download_bucket_object

celery beat v5.2.7 (dawn-chorus) is starting.
__    -    ... __   -        _
LocalTime -> 2023-05-03 11:00:40
Configuration ->
    . broker -> amqp://guest:**@localhost:5672//
    . loader -> celery.loaders.app.AppLoader
    . scheduler -> django_celery_beat.schedulers.DatabaseScheduler

    . logfile -> [stderr]@%INFO
    . maxinterval -> 5.00 seconds (5s)
 
 -------------- celery@kingaliubunto-VivoBook-ASUSLaptop-X571GT-K571GT v5.2.7 (dawn-chorus)
--- ***** ----- 
-- ******* ---- Linux-5.19.0-40-generic-x86_64-with-glibc2.35 2023-05-03 11:50:12
- *** --- * --- 
- ** ---------- [config]
- ** ---------- .> app:         OnlineShop:0x7f2869779720
- ** ---------- .> transport:   amqp://guest:**@localhost:5672//
- ** ---------- .> results:     rpc://
- *** --- * --- .> concurrency: 12 (prefork)
-- ******* ---- .> task events: OFF (enable -E to monitor tasks in this worker)
--- ***** ----- 
 -------------- [queues]
                .> celery           exchange=celery(direct) key=celery
                

[tasks]
  . accounts.tasks.remove_expired_otp_codes
  . home.tasks.delete_object_bucket
  . home.tasks.download_bucket_object

celery beat v5.2.7 (dawn-chorus) is starting.
__    -    ... __   -        _
LocalTime -> 2023-05-03 11:50:05
Configuration ->
    . broker -> amqp://guest:**@localhost:5672//
    . loader -> celery.loaders.app.AppLoader
    . scheduler -> django_celery_beat.schedulers.DatabaseScheduler

    . logfile -> [stderr]@%INFO
    . maxinterval -> 5.00 seconds (5s)
 
 -------------- celery@kingaliubunto-VivoBook-ASUSLaptop-X571GT-K571GT v5.2.7 (dawn-chorus)
--- ***** ----- 
-- ******* ---- Linux-5.19.0-40-generic-x86_64-with-glibc2.35 2023-05-03 12:39:39
- *** --- * --- 
- ** ---------- [config]
- ** ---------- .> app:         OnlineShop:0x7f061414d720
- ** ---------- .> transport:   amqp://guest:**@localhost:5672//
- ** ---------- .> results:     rpc://
- *** --- * --- .> concurrency: 12 (prefork)
-- ******* ---- .> task events: OFF (enable -E to monitor tasks in this worker)
--- ***** ----- 
 -------------- [queues]
                .> celery           exchange=celery(direct) key=celery
                

[tasks]
  . accounts.tasks.remove_expired_otp_codes
  . home.tasks.delete_object_bucket
  . home.tasks.download_bucket_object

celery beat v5.2.7 (dawn-chorus) is starting.
__    -    ... __   -        _
LocalTime -> 2023-05-03 12:39:31
Configuration ->
    . broker -> amqp://guest:**@localhost:5672//
    . loader -> celery.loaders.app.AppLoader
    . scheduler -> django_celery_beat.schedulers.DatabaseScheduler

    . logfile -> [stderr]@%INFO
    . maxinterval -> 5.00 seconds (5s)
 
 -------------- celery@kingaliubunto-VivoBook-ASUSLaptop-X571GT-K571GT v5.2.7 (dawn-chorus)
--- ***** ----- 
-- ******* ---- Linux-5.19.0-40-generic-x86_64-with-glibc2.35 2023-05-04 05:44:30
- *** --- * --- 
- ** ---------- [config]
- ** ---------- .> app:         OnlineShop:0x7fcedce6d720
- ** ---------- .> transport:   amqp://guest:**@localhost:5672//
- ** ---------- .> results:     rpc://
- *** --- * --- .> concurrency: 12 (prefork)
-- ******* ---- .> task events: OFF (enable -E to monitor tasks in this worker)
--- ***** ----- 
 -------------- [queues]
                .> celery           exchange=celery(direct) key=celery
                

[tasks]
  . accounts.tasks.remove_expired_otp_codes
  . home.tasks.delete_object_bucket
  . home.tasks.download_bucket_object

celery beat v5.2.7 (dawn-chorus) is starting.
__    -    ... __   -        _
LocalTime -> 2023-05-04 05:44:30
Configuration ->
    . broker -> amqp://guest:**@localhost:5672//
    . loader -> celery.loaders.app.AppLoader
    . scheduler -> django_celery_beat.schedulers.DatabaseScheduler

    . logfile -> [stderr]@%INFO
    . maxinterval -> 5.00 seconds (5s)
 
 -------------- celery@kingaliubunto-VivoBook-ASUSLaptop-X571GT-K571GT v5.2.7 (dawn-chorus)
--- ***** ----- 
-- ******* ---- Linux-5.19.0-40-generic-x86_64-with-glibc2.35 2023-05-04 06:45:55
- *** --- * --- 
- ** ---------- [config]
- ** ---------- .> app:         OnlineShop:0x7f6d96275720
- ** ---------- .> transport:   amqp://guest:**@localhost:5672//
- ** ---------- .> results:     rpc://
- *** --- * --- .> concurrency: 12 (prefork)
-- ******* ---- .> task events: OFF (enable -E to monitor tasks in this worker)
--- ***** ----- 
 -------------- [queues]
                .> celery           exchange=celery(direct) key=celery
                

[tasks]
  . accounts.tasks.remove_expired_otp_codes
  . home.tasks.delete_object_bucket
  . home.tasks.download_bucket_object

celery beat v5.2.7 (dawn-chorus) is starting.
__    -    ... __   -        _
LocalTime -> 2023-05-04 06:45:52
Configuration ->
    . broker -> amqp://guest:**@localhost:5672//
    . loader -> celery.loaders.app.AppLoader
    . scheduler -> django_celery_beat.schedulers.DatabaseScheduler

    . logfile -> [stderr]@%INFO
    . maxinterval -> 5.00 seconds (5s)
 
 -------------- celery@kingaliubunto-VivoBook-ASUSLaptop-X571GT-K571GT v5.2.7 (dawn-chorus)
--- ***** ----- 
-- ******* ---- Linux-5.19.0-40-generic-x86_64-with-glibc2.35 2023-05-04 11:42:36
- *** --- * --- 
- ** ---------- [config]
- ** ---------- .> app:         OnlineShop:0x7f9cc7259720
- ** ---------- .> transport:   amqp://guest:**@localhost:5672//
- ** ---------- .> results:     rpc://
- *** --- * --- .> concurrency: 12 (prefork)
-- ******* ---- .> task events: OFF (enable -E to monitor tasks in this worker)
--- ***** ----- 
 -------------- [queues]
                .> celery           exchange=celery(direct) key=celery
                

[tasks]
  . accounts.tasks.remove_expired_otp_codes
  . home.tasks.delete_object_bucket
  . home.tasks.download_bucket_object

celery beat v5.2.7 (dawn-chorus) is starting.
__    -    ... __   -        _
LocalTime -> 2023-05-04 11:42:32
Configuration ->
    . broker -> amqp://guest:**@localhost:5672//
    . loader -> celery.loaders.app.AppLoader
    . scheduler -> django_celery_beat.schedulers.DatabaseScheduler

    . logfile -> [stderr]@%INFO
    . maxinterval -> 5.00 seconds (5s)
 
 -------------- celery@kingaliubunto-VivoBook-ASUSLaptop-X571GT-K571GT v5.2.7 (dawn-chorus)
--- ***** ----- 
-- ******* ---- Linux-5.19.0-40-generic-x86_64-with-glibc2.35 2023-05-04 12:32:04
- *** --- * --- 
- ** ---------- [config]
- ** ---------- .> app:         OnlineShop:0x7fb7cce75720
- ** ---------- .> transport:   amqp://guest:**@localhost:5672//
- ** ---------- .> results:     rpc://
- *** --- * --- .> concurrency: 12 (prefork)
-- ******* ---- .> task events: OFF (enable -E to monitor tasks in this worker)
--- ***** ----- 
 -------------- [queues]
                .> celery           exchange=celery(direct) key=celery
                

[tasks]
  . accounts.tasks.remove_expired_otp_codes
  . home.tasks.delete_object_bucket
  . home.tasks.download_bucket_object

celery beat v5.2.7 (dawn-chorus) is starting.
__    -    ... __   -        _
LocalTime -> 2023-05-04 12:31:57
Configuration ->
    . broker -> amqp://guest:**@localhost:5672//
    . loader -> celery.loaders.app.AppLoader
    . scheduler -> django_celery_beat.schedulers.DatabaseScheduler

    . logfile -> [stderr]@%INFO
    . maxinterval -> 5.00 seconds (5s)
 
 -------------- celery@kingaliubunto-VivoBook-ASUSLaptop-X571GT-K571GT v5.2.7 (dawn-chorus)
--- ***** ----- 
-- ******* ---- Linux-5.19.0-40-generic-x86_64-with-glibc2.35 2023-05-04 13:21:32
- *** --- * --- 
- ** ---------- [config]
- ** ---------- .> app:         OnlineShop:0x7f475e369720
- ** ---------- .> transport:   amqp://guest:**@localhost:5672//
- ** ---------- .> results:     rpc://
- *** --- * --- .> concurrency: 12 (prefork)
-- ******* ---- .> task events: OFF (enable -E to monitor tasks in this worker)
--- ***** ----- 
 -------------- [queues]
                .> celery           exchange=celery(direct) key=celery
                

[tasks]
  . accounts.tasks.remove_expired_otp_codes
  . home.tasks.delete_object_bucket
  . home.tasks.download_bucket_object

celery beat v5.2.7 (dawn-chorus) is starting.
__    -    ... __   -        _
LocalTime -> 2023-05-04 13:21:23
Configuration ->
    . broker -> amqp://guest:**@localhost:5672//
    . loader -> celery.loaders.app.AppLoader
    . scheduler -> django_celery_beat.schedulers.DatabaseScheduler

    . logfile -> [stderr]@%INFO
    . maxinterval -> 5.00 seconds (5s)
 
 -------------- celery@kingaliubunto-VivoBook-ASUSLaptop-X571GT-K571GT v5.2.7 (dawn-chorus)
--- ***** ----- 
-- ******* ---- Linux-5.19.0-40-generic-x86_64-with-glibc2.35 2023-05-04 14:10:59
- *** --- * --- 
- ** ---------- [config]
- ** ---------- .> app:         OnlineShop:0x7f59f2171720
- ** ---------- .> transport:   amqp://guest:**@localhost:5672//
- ** ---------- .> results:     rpc://
- *** --- * --- .> concurrency: 12 (prefork)
-- ******* ---- .> task events: OFF (enable -E to monitor tasks in this worker)
--- ***** ----- 
 -------------- [queues]
                .> celery           exchange=celery(direct) key=celery
                

[tasks]
  . accounts.tasks.remove_expired_otp_codes
  . home.tasks.delete_object_bucket
  . home.tasks.download_bucket_object

celery beat v5.2.7 (dawn-chorus) is starting.
__    -    ... __   -        _
LocalTime -> 2023-05-04 14:10:49
Configuration ->
    . broker -> amqp://guest:**@localhost:5672//
    . loader -> celery.loaders.app.AppLoader
    . scheduler -> django_celery_beat.schedulers.DatabaseScheduler

    . logfile -> [stderr]@%INFO
    . maxinterval -> 5.00 seconds (5s)
 
 -------------- celery@kingaliubunto-VivoBook-ASUSLaptop-X571GT-K571GT v5.2.7 (dawn-chorus)
--- ***** ----- 
-- ******* ---- Linux-5.19.0-40-generic-x86_64-with-glibc2.35 2023-05-04 15:00:26
- *** --- * --- 
- ** ---------- [config]
- ** ---------- .> app:         OnlineShop:0x7f4649d5d720
- ** ---------- .> transport:   amqp://guest:**@localhost:5672//
- ** ---------- .> results:     rpc://
- *** --- * --- .> concurrency: 12 (prefork)
-- ******* ---- .> task events: OFF (enable -E to monitor tasks in this worker)
--- ***** ----- 
 -------------- [queues]
                .> celery           exchange=celery(direct) key=celery
                

[tasks]
  . accounts.tasks.remove_expired_otp_codes
  . home.tasks.delete_object_bucket
  . home.tasks.download_bucket_object

celery beat v5.2.7 (dawn-chorus) is starting.
__    -    ... __   -        _
LocalTime -> 2023-05-04 15:00:14
Configuration ->
    . broker -> amqp://guest:**@localhost:5672//
    . loader -> celery.loaders.app.AppLoader
    . scheduler -> django_celery_beat.schedulers.DatabaseScheduler

    . logfile -> [stderr]@%INFO
    . maxinterval -> 5.00 seconds (5s)
 
 -------------- celery@kingaliubunto-VivoBook-ASUSLaptop-X571GT-K571GT v5.2.7 (dawn-chorus)
--- ***** ----- 
-- ******* ---- Linux-5.19.0-40-generic-x86_64-with-glibc2.35 2023-05-04 15:49:54
- *** --- * --- 
- ** ---------- [config]
- ** ---------- .> app:         OnlineShop:0x7fbcc6761720
- ** ---------- .> transport:   amqp://guest:**@localhost:5672//
- ** ---------- .> results:     rpc://
- *** --- * --- .> concurrency: 12 (prefork)
-- ******* ---- .> task events: OFF (enable -E to monitor tasks in this worker)
--- ***** ----- 
 -------------- [queues]
                .> celery           exchange=celery(direct) key=celery
                

[tasks]
  . accounts.tasks.remove_expired_otp_codes
  . home.tasks.delete_object_bucket
  . home.tasks.download_bucket_object

celery beat v5.2.7 (dawn-chorus) is starting.
__    -    ... __   -        _
LocalTime -> 2023-05-04 15:49:40
Configuration ->
    . broker -> amqp://guest:**@localhost:5672//
    . loader -> celery.loaders.app.AppLoader
    . scheduler -> django_celery_beat.schedulers.DatabaseScheduler

    . logfile -> [stderr]@%INFO
    . maxinterval -> 5.00 seconds (5s)
 
 -------------- celery@kingaliubunto-VivoBook-ASUSLaptop-X571GT-K571GT v5.2.7 (dawn-chorus)
--- ***** ----- 
-- ******* ---- Linux-5.19.0-40-generic-x86_64-with-glibc2.35 2023-05-04 16:39:21
- *** --- * --- 
- ** ---------- [config]
- ** ---------- .> app:         OnlineShop:0x7f2e7ae6d720
- ** ---------- .> transport:   amqp://guest:**@localhost:5672//
- ** ---------- .> results:     rpc://
- *** --- * --- .> concurrency: 12 (prefork)
-- ******* ---- .> task events: OFF (enable -E to monitor tasks in this worker)
--- ***** ----- 
 -------------- [queues]
                .> celery           exchange=celery(direct) key=celery
                

[tasks]
  . accounts.tasks.remove_expired_otp_codes
  . home.tasks.delete_object_bucket
  . home.tasks.download_bucket_object

celery beat v5.2.7 (dawn-chorus) is starting.
__    -    ... __   -        _
LocalTime -> 2023-05-04 16:39:05
Configuration ->
    . broker -> amqp://guest:**@localhost:5672//
    . loader -> celery.loaders.app.AppLoader
    . scheduler -> django_celery_beat.schedulers.DatabaseScheduler

    . logfile -> [stderr]@%INFO
    . maxinterval -> 5.00 seconds (5s)
 
 -------------- celery@kingaliubunto-VivoBook-ASUSLaptop-X571GT-K571GT v5.2.7 (dawn-chorus)
--- ***** ----- 
-- ******* ---- Linux-5.19.0-40-generic-x86_64-with-glibc2.35 2023-05-04 17:28:49
- *** --- * --- 
- ** ---------- [config]
- ** ---------- .> app:         OnlineShop:0x7fa7f706d720
- ** ---------- .> transport:   amqp://guest:**@localhost:5672//
- ** ---------- .> results:     rpc://
- *** --- * --- .> concurrency: 12 (prefork)
-- ******* ---- .> task events: OFF (enable -E to monitor tasks in this worker)
--- ***** ----- 
 -------------- [queues]
                .> celery           exchange=celery(direct) key=celery
                

[tasks]
  . accounts.tasks.remove_expired_otp_codes
  . home.tasks.delete_object_bucket
  . home.tasks.download_bucket_object

celery beat v5.2.7 (dawn-chorus) is starting.
__    -    ... __   -        _
LocalTime -> 2023-05-04 17:28:30
Configuration ->
    . broker -> amqp://guest:**@localhost:5672//
    . loader -> celery.loaders.app.AppLoader
    . scheduler -> django_celery_beat.schedulers.DatabaseScheduler

    . logfile -> [stderr]@%INFO
    . maxinterval -> 5.00 seconds (5s)
 
 -------------- celery@kingaliubunto-VivoBook-ASUSLaptop-X571GT-K571GT v5.2.7 (dawn-chorus)
--- ***** ----- 
-- ******* ---- Linux-5.19.0-40-generic-x86_64-with-glibc2.35 2023-05-04 18:18:16
- *** --- * --- 
- ** ---------- [config]
- ** ---------- .> app:         OnlineShop:0x7fa3f937d720
- ** ---------- .> transport:   amqp://guest:**@localhost:5672//
- ** ---------- .> results:     rpc://
- *** --- * --- .> concurrency: 12 (prefork)
-- ******* ---- .> task events: OFF (enable -E to monitor tasks in this worker)
--- ***** ----- 
 -------------- [queues]
                .> celery           exchange=celery(direct) key=celery
                

[tasks]
  . accounts.tasks.remove_expired_otp_codes
  . home.tasks.delete_object_bucket
  . home.tasks.download_bucket_object

celery beat v5.2.7 (dawn-chorus) is starting.
__    -    ... __   -        _
LocalTime -> 2023-05-04 18:17:56
Configuration ->
    . broker -> amqp://guest:**@localhost:5672//
    . loader -> celery.loaders.app.AppLoader
    . scheduler -> django_celery_beat.schedulers.DatabaseScheduler

    . logfile -> [stderr]@%INFO
    . maxinterval -> 5.00 seconds (5s)
 
 -------------- celery@kingaliubunto-VivoBook-ASUSLaptop-X571GT-K571GT v5.2.7 (dawn-chorus)
--- ***** ----- 
-- ******* ---- Linux-5.19.0-40-generic-x86_64-with-glibc2.35 2023-05-04 19:07:44
- *** --- * --- 
- ** ---------- [config]
- ** ---------- .> app:         OnlineShop:0x7f35c8165720
- ** ---------- .> transport:   amqp://guest:**@localhost:5672//
- ** ---------- .> results:     rpc://
- *** --- * --- .> concurrency: 12 (prefork)
-- ******* ---- .> task events: OFF (enable -E to monitor tasks in this worker)
--- ***** ----- 
 -------------- [queues]
                .> celery           exchange=celery(direct) key=celery
                

[tasks]
  . accounts.tasks.remove_expired_otp_codes
  . home.tasks.delete_object_bucket
  . home.tasks.download_bucket_object

celery beat v5.2.7 (dawn-chorus) is starting.
__    -    ... __   -        _
LocalTime -> 2023-05-04 19:07:22
Configuration ->
    . broker -> amqp://guest:**@localhost:5672//
    . loader -> celery.loaders.app.AppLoader
    . scheduler -> django_celery_beat.schedulers.DatabaseScheduler

    . logfile -> [stderr]@%INFO
    . maxinterval -> 5.00 seconds (5s)
 
 -------------- celery@kingaliubunto-VivoBook-ASUSLaptop-X571GT-K571GT v5.2.7 (dawn-chorus)
--- ***** ----- 
-- ******* ---- Linux-5.19.0-40-generic-x86_64-with-glibc2.35 2023-05-04 19:57:12
- *** --- * --- 
- ** ---------- [config]
- ** ---------- .> app:         OnlineShop:0x7f5e1f561720
- ** ---------- .> transport:   amqp://guest:**@localhost:5672//
- ** ---------- .> results:     rpc://
- *** --- * --- .> concurrency: 12 (prefork)
-- ******* ---- .> task events: OFF (enable -E to monitor tasks in this worker)
--- ***** ----- 
 -------------- [queues]
                .> celery           exchange=celery(direct) key=celery
                

[tasks]
  . accounts.tasks.remove_expired_otp_codes
  . home.tasks.delete_object_bucket
  . home.tasks.download_bucket_object

celery beat v5.2.7 (dawn-chorus) is starting.
__    -    ... __   -        _
LocalTime -> 2023-05-04 19:56:47
Configuration ->
    . broker -> amqp://guest:**@localhost:5672//
    . loader -> celery.loaders.app.AppLoader
    . scheduler -> django_celery_beat.schedulers.DatabaseScheduler

    . logfile -> [stderr]@%INFO
    . maxinterval -> 5.00 seconds (5s)
 
 -------------- celery@kingaliubunto-VivoBook-ASUSLaptop-X571GT-K571GT v5.2.7 (dawn-chorus)
--- ***** ----- 
-- ******* ---- Linux-5.19.0-41-generic-x86_64-with-glibc2.35 2023-05-04 20:09:02
- *** --- * --- 
- ** ---------- [config]
- ** ---------- .> app:         OnlineShop:0x7f5243161720
- ** ---------- .> transport:   amqp://guest:**@localhost:5672//
- ** ---------- .> results:     rpc://
- *** --- * --- .> concurrency: 12 (prefork)
-- ******* ---- .> task events: OFF (enable -E to monitor tasks in this worker)
--- ***** ----- 
 -------------- [queues]
                .> celery           exchange=celery(direct) key=celery
                

[tasks]
  . accounts.tasks.remove_expired_otp_codes
  . home.tasks.delete_object_bucket
  . home.tasks.download_bucket_object

celery beat v5.2.7 (dawn-chorus) is starting.
__    -    ... __   -        _
LocalTime -> 2023-05-04 20:09:02
Configuration ->
    . broker -> amqp://guest:**@localhost:5672//
    . loader -> celery.loaders.app.AppLoader
    . scheduler -> django_celery_beat.schedulers.DatabaseScheduler

    . logfile -> [stderr]@%INFO
    . maxinterval -> 5.00 seconds (5s)
 
 -------------- celery@kingaliubunto-VivoBook-ASUSLaptop-X571GT-K571GT v5.2.7 (dawn-chorus)
--- ***** ----- 
-- ******* ---- Linux-5.19.0-41-generic-x86_64-with-glibc2.35 2023-05-05 11:55:35
- *** --- * --- 
- ** ---------- [config]
- ** ---------- .> app:         OnlineShop:0x7f2ddb661720
- ** ---------- .> transport:   amqp://guest:**@localhost:5672//
- ** ---------- .> results:     rpc://
- *** --- * --- .> concurrency: 12 (prefork)
-- ******* ---- .> task events: OFF (enable -E to monitor tasks in this worker)
--- ***** ----- 
 -------------- [queues]
                .> celery           exchange=celery(direct) key=celery
                

[tasks]
  . accounts.tasks.remove_expired_otp_codes
  . home.tasks.delete_object_bucket
  . home.tasks.download_bucket_object

celery beat v5.2.7 (dawn-chorus) is starting.
__    -    ... __   -        _
LocalTime -> 2023-05-05 11:55:35
Configuration ->
    . broker -> amqp://guest:**@localhost:5672//
    . loader -> celery.loaders.app.AppLoader
    . scheduler -> django_celery_beat.schedulers.DatabaseScheduler

    . logfile -> [stderr]@%INFO
    . maxinterval -> 5.00 seconds (5s)
 
 -------------- celery@kingaliubunto-VivoBook-ASUSLaptop-X571GT-K571GT v5.2.7 (dawn-chorus)
--- ***** ----- 
-- ******* ---- Linux-5.19.0-41-generic-x86_64-with-glibc2.35 2023-05-09 06:47:42
- *** --- * --- 
- ** ---------- [config]
- ** ---------- .> app:         OnlineShop:0x7f54ab561720
- ** ---------- .> transport:   amqp://guest:**@localhost:5672//
- ** ---------- .> results:     rpc://
- *** --- * --- .> concurrency: 12 (prefork)
-- ******* ---- .> task events: OFF (enable -E to monitor tasks in this worker)
--- ***** ----- 
 -------------- [queues]
                .> celery           exchange=celery(direct) key=celery
                

[tasks]
  . accounts.tasks.remove_expired_otp_codes
  . home.tasks.delete_object_bucket
  . home.tasks.download_bucket_object

celery beat v5.2.7 (dawn-chorus) is starting.
__    -    ... __   -        _
LocalTime -> 2023-05-09 06:47:42
Configuration ->
    . broker -> amqp://guest:**@localhost:5672//
    . loader -> celery.loaders.app.AppLoader
    . scheduler -> django_celery_beat.schedulers.DatabaseScheduler

    . logfile -> [stderr]@%INFO
    . maxinterval -> 5.00 seconds (5s)
 
 -------------- celery@kingaliubunto-VivoBook-ASUSLaptop-X571GT-K571GT v5.2.7 (dawn-chorus)
--- ***** ----- 
-- ******* ---- Linux-5.19.0-41-generic-x86_64-with-glibc2.35 2023-05-09 08:05:32
- *** --- * --- 
- ** ---------- [config]
- ** ---------- .> app:         OnlineShop:0x7ff310165720
- ** ---------- .> transport:   amqp://guest:**@localhost:5672//
- ** ---------- .> results:     rpc://
- *** --- * --- .> concurrency: 12 (prefork)
-- ******* ---- .> task events: OFF (enable -E to monitor tasks in this worker)
--- ***** ----- 
 -------------- [queues]
                .> celery           exchange=celery(direct) key=celery
                

[tasks]
  . accounts.tasks.remove_expired_otp_codes
  . home.tasks.delete_object_bucket
  . home.tasks.download_bucket_object

celery beat v5.2.7 (dawn-chorus) is starting.
__    -    ... __   -        _
LocalTime -> 2023-05-09 08:05:29
Configuration ->
    . broker -> amqp://guest:**@localhost:5672//
    . loader -> celery.loaders.app.AppLoader
    . scheduler -> django_celery_beat.schedulers.DatabaseScheduler

    . logfile -> [stderr]@%INFO
    . maxinterval -> 5.00 seconds (5s)
 
 -------------- celery@kingaliubunto-VivoBook-ASUSLaptop-X571GT-K571GT v5.2.7 (dawn-chorus)
--- ***** ----- 
-- ******* ---- Linux-5.19.0-41-generic-x86_64-with-glibc2.35 2023-05-09 10:32:02
- *** --- * --- 
- ** ---------- [config]
- ** ---------- .> app:         OnlineShop:0x7fcee3b65720
- ** ---------- .> transport:   amqp://guest:**@localhost:5672//
- ** ---------- .> results:     rpc://
- *** --- * --- .> concurrency: 12 (prefork)
-- ******* ---- .> task events: OFF (enable -E to monitor tasks in this worker)
--- ***** ----- 
 -------------- [queues]
                .> celery           exchange=celery(direct) key=celery
                

[tasks]
  . accounts.tasks.remove_expired_otp_codes
  . home.tasks.delete_object_bucket
  . home.tasks.download_bucket_object

celery beat v5.2.7 (dawn-chorus) is starting.
__    -    ... __   -        _
LocalTime -> 2023-05-09 10:31:58
Configuration ->
    . broker -> amqp://guest:**@localhost:5672//
    . loader -> celery.loaders.app.AppLoader
    . scheduler -> django_celery_beat.schedulers.DatabaseScheduler

    . logfile -> [stderr]@%INFO
    . maxinterval -> 5.00 seconds (5s)
 
 -------------- celery@kingaliubunto-VivoBook-ASUSLaptop-X571GT-K571GT v5.2.7 (dawn-chorus)
--- ***** ----- 
-- ******* ---- Linux-5.19.0-41-generic-x86_64-with-glibc2.35 2023-05-09 11:21:30
- *** --- * --- 
- ** ---------- [config]
- ** ---------- .> app:         OnlineShop:0x7fd1a1b75720
- ** ---------- .> transport:   amqp://guest:**@localhost:5672//
- ** ---------- .> results:     rpc://
- *** --- * --- .> concurrency: 12 (prefork)
-- ******* ---- .> task events: OFF (enable -E to monitor tasks in this worker)
--- ***** ----- 
 -------------- [queues]
                .> celery           exchange=celery(direct) key=celery
                

[tasks]
  . accounts.tasks.remove_expired_otp_codes
  . home.tasks.delete_object_bucket
  . home.tasks.download_bucket_object

celery beat v5.2.7 (dawn-chorus) is starting.
__    -    ... __   -        _
LocalTime -> 2023-05-09 11:21:24
Configuration ->
    . broker -> amqp://guest:**@localhost:5672//
    . loader -> celery.loaders.app.AppLoader
    . scheduler -> django_celery_beat.schedulers.DatabaseScheduler

    . logfile -> [stderr]@%INFO
    . maxinterval -> 5.00 seconds (5s)
 
 -------------- celery@kingaliubunto-VivoBook-ASUSLaptop-X571GT-K571GT v5.2.7 (dawn-chorus)
--- ***** ----- 
-- ******* ---- Linux-5.19.0-41-generic-x86_64-with-glibc2.35 2023-05-10 06:18:03
- *** --- * --- 
- ** ---------- [config]
- ** ---------- .> app:         OnlineShop:0x7f19d566d720
- ** ---------- .> transport:   amqp://guest:**@localhost:5672//
- ** ---------- .> results:     rpc://
- *** --- * --- .> concurrency: 12 (prefork)
-- ******* ---- .> task events: OFF (enable -E to monitor tasks in this worker)
--- ***** ----- 
 -------------- [queues]
                .> celery           exchange=celery(direct) key=celery
                

[tasks]
  . accounts.tasks.remove_expired_otp_codes
  . home.tasks.delete_object_bucket
  . home.tasks.download_bucket_object

celery beat v5.2.7 (dawn-chorus) is starting.
__    -    ... __   -        _
LocalTime -> 2023-05-10 06:17:54
Configuration ->
    . broker -> amqp://guest:**@localhost:5672//
    . loader -> celery.loaders.app.AppLoader
    . scheduler -> django_celery_beat.schedulers.DatabaseScheduler

    . logfile -> [stderr]@%INFO
    . maxinterval -> 5.00 seconds (5s)
 
 -------------- celery@kingaliubunto-VivoBook-ASUSLaptop-X571GT-K571GT v5.2.7 (dawn-chorus)
--- ***** ----- 
-- ******* ---- Linux-5.19.0-41-generic-x86_64-with-glibc2.35 2023-05-10 07:07:31
- *** --- * --- 
- ** ---------- [config]
- ** ---------- .> app:         OnlineShop:0x7f534c16d720
- ** ---------- .> transport:   amqp://guest:**@localhost:5672//
- ** ---------- .> results:     rpc://
- *** --- * --- .> concurrency: 12 (prefork)
-- ******* ---- .> task events: OFF (enable -E to monitor tasks in this worker)
--- ***** ----- 
 -------------- [queues]
                .> celery           exchange=celery(direct) key=celery
                

[tasks]
  . accounts.tasks.remove_expired_otp_codes
  . home.tasks.delete_object_bucket
  . home.tasks.download_bucket_object

celery beat v5.2.7 (dawn-chorus) is starting.
__    -    ... __   -        _
LocalTime -> 2023-05-10 07:07:19
Configuration ->
    . broker -> amqp://guest:**@localhost:5672//
    . loader -> celery.loaders.app.AppLoader
    . scheduler -> django_celery_beat.schedulers.DatabaseScheduler

    . logfile -> [stderr]@%INFO
    . maxinterval -> 5.00 seconds (5s)
 
 -------------- celery@kingaliubunto-VivoBook-ASUSLaptop-X571GT-K571GT v5.2.7 (dawn-chorus)
--- ***** ----- 
-- ******* ---- Linux-5.19.0-41-generic-x86_64-with-glibc2.35 2023-05-10 07:56:57
- *** --- * --- 
- ** ---------- [config]
- ** ---------- .> app:         OnlineShop:0x7f675f15d720
- ** ---------- .> transport:   amqp://guest:**@localhost:5672//
- ** ---------- .> results:     rpc://
- *** --- * --- .> concurrency: 12 (prefork)
-- ******* ---- .> task events: OFF (enable -E to monitor tasks in this worker)
--- ***** ----- 
 -------------- [queues]
                .> celery           exchange=celery(direct) key=celery
                

[tasks]
  . accounts.tasks.remove_expired_otp_codes
  . home.tasks.delete_object_bucket
  . home.tasks.download_bucket_object

celery beat v5.2.7 (dawn-chorus) is starting.
__    -    ... __   -        _
LocalTime -> 2023-05-10 07:56:44
Configuration ->
    . broker -> amqp://guest:**@localhost:5672//
    . loader -> celery.loaders.app.AppLoader
    . scheduler -> django_celery_beat.schedulers.DatabaseScheduler

    . logfile -> [stderr]@%INFO
    . maxinterval -> 5.00 seconds (5s)
 
 -------------- celery@kingaliubunto-VivoBook-ASUSLaptop-X571GT-K571GT v5.2.7 (dawn-chorus)
--- ***** ----- 
-- ******* ---- Linux-5.19.0-41-generic-x86_64-with-glibc2.35 2023-05-10 08:46:24
- *** --- * --- 
- ** ---------- [config]
- ** ---------- .> app:         OnlineShop:0x7fc996e6d720
- ** ---------- .> transport:   amqp://guest:**@localhost:5672//
- ** ---------- .> results:     rpc://
- *** --- * --- .> concurrency: 12 (prefork)
-- ******* ---- .> task events: OFF (enable -E to monitor tasks in this worker)
--- ***** ----- 
 -------------- [queues]
                .> celery           exchange=celery(direct) key=celery
                

[tasks]
  . accounts.tasks.remove_expired_otp_codes
  . home.tasks.delete_object_bucket
  . home.tasks.download_bucket_object

celery beat v5.2.7 (dawn-chorus) is starting.
__    -    ... __   -        _
LocalTime -> 2023-05-10 08:46:10
Configuration ->
    . broker -> amqp://guest:**@localhost:5672//
    . loader -> celery.loaders.app.AppLoader
    . scheduler -> django_celery_beat.schedulers.DatabaseScheduler

    . logfile -> [stderr]@%INFO
    . maxinterval -> 5.00 seconds (5s)
 
 -------------- celery@kingaliubunto-VivoBook-ASUSLaptop-X571GT-K571GT v5.2.7 (dawn-chorus)
--- ***** ----- 
-- ******* ---- Linux-5.19.0-41-generic-x86_64-with-glibc2.35 2023-05-10 09:35:52
- *** --- * --- 
- ** ---------- [config]
- ** ---------- .> app:         OnlineShop:0x7f1177c6d720
- ** ---------- .> transport:   amqp://guest:**@localhost:5672//
- ** ---------- .> results:     rpc://
- *** --- * --- .> concurrency: 12 (prefork)
-- ******* ---- .> task events: OFF (enable -E to monitor tasks in this worker)
--- ***** ----- 
 -------------- [queues]
                .> celery           exchange=celery(direct) key=celery
                

[tasks]
  . accounts.tasks.remove_expired_otp_codes
  . home.tasks.delete_object_bucket
  . home.tasks.download_bucket_object

celery beat v5.2.7 (dawn-chorus) is starting.
__    -    ... __   -        _
LocalTime -> 2023-05-10 09:35:35
Configuration ->
    . broker -> amqp://guest:**@localhost:5672//
    . loader -> celery.loaders.app.AppLoader
    . scheduler -> django_celery_beat.schedulers.DatabaseScheduler

    . logfile -> [stderr]@%INFO
    . maxinterval -> 5.00 seconds (5s)
 
 -------------- celery@kingaliubunto-VivoBook-ASUSLaptop-X571GT-K571GT v5.2.7 (dawn-chorus)
--- ***** ----- 
-- ******* ---- Linux-5.19.0-41-generic-x86_64-with-glibc2.35 2023-05-10 10:25:19
- *** --- * --- 
- ** ---------- [config]
- ** ---------- .> app:         OnlineShop:0x7f6674861720
- ** ---------- .> transport:   amqp://guest:**@localhost:5672//
- ** ---------- .> results:     rpc://
- *** --- * --- .> concurrency: 12 (prefork)
-- ******* ---- .> task events: OFF (enable -E to monitor tasks in this worker)
--- ***** ----- 
 -------------- [queues]
                .> celery           exchange=celery(direct) key=celery
                

[tasks]
  . accounts.tasks.remove_expired_otp_codes
  . home.tasks.delete_object_bucket
  . home.tasks.download_bucket_object

celery beat v5.2.7 (dawn-chorus) is starting.
__    -    ... __   -        _
LocalTime -> 2023-05-10 10:25:00
Configuration ->
    . broker -> amqp://guest:**@localhost:5672//
    . loader -> celery.loaders.app.AppLoader
    . scheduler -> django_celery_beat.schedulers.DatabaseScheduler

    . logfile -> [stderr]@%INFO
    . maxinterval -> 5.00 seconds (5s)
 
 -------------- celery@kingaliubunto-VivoBook-ASUSLaptop-X571GT-K571GT v5.2.7 (dawn-chorus)
--- ***** ----- 
-- ******* ---- Linux-5.19.0-41-generic-x86_64-with-glibc2.35 2023-05-10 11:14:46
- *** --- * --- 
- ** ---------- [config]
- ** ---------- .> app:         OnlineShop:0x7f2210e5d720
- ** ---------- .> transport:   amqp://guest:**@localhost:5672//
- ** ---------- .> results:     rpc://
- *** --- * --- .> concurrency: 12 (prefork)
-- ******* ---- .> task events: OFF (enable -E to monitor tasks in this worker)
--- ***** ----- 
 -------------- [queues]
                .> celery           exchange=celery(direct) key=celery
                

[tasks]
  . accounts.tasks.remove_expired_otp_codes
  . home.tasks.delete_object_bucket
  . home.tasks.download_bucket_object

celery beat v5.2.7 (dawn-chorus) is starting.
__    -    ... __   -        _
LocalTime -> 2023-05-10 11:14:25
Configuration ->
    . broker -> amqp://guest:**@localhost:5672//
    . loader -> celery.loaders.app.AppLoader
    . scheduler -> django_celery_beat.schedulers.DatabaseScheduler

    . logfile -> [stderr]@%INFO
    . maxinterval -> 5.00 seconds (5s)
 
 -------------- celery@kingaliubunto-VivoBook-ASUSLaptop-X571GT-K571GT v5.2.7 (dawn-chorus)
--- ***** ----- 
-- ******* ---- Linux-5.19.0-41-generic-x86_64-with-glibc2.35 2023-05-10 12:04:13
- *** --- * --- 
- ** ---------- [config]
- ** ---------- .> app:         OnlineShop:0x7f8edf661720
- ** ---------- .> transport:   amqp://guest:**@localhost:5672//
- ** ---------- .> results:     rpc://
- *** --- * --- .> concurrency: 12 (prefork)
-- ******* ---- .> task events: OFF (enable -E to monitor tasks in this worker)
--- ***** ----- 
 -------------- [queues]
                .> celery           exchange=celery(direct) key=celery
                

[tasks]
  . accounts.tasks.remove_expired_otp_codes
  . home.tasks.delete_object_bucket
  . home.tasks.download_bucket_object

celery beat v5.2.7 (dawn-chorus) is starting.
__    -    ... __   -        _
LocalTime -> 2023-05-10 12:03:50
Configuration ->
    . broker -> amqp://guest:**@localhost:5672//
    . loader -> celery.loaders.app.AppLoader
    . scheduler -> django_celery_beat.schedulers.DatabaseScheduler

    . logfile -> [stderr]@%INFO
    . maxinterval -> 5.00 seconds (5s)
 
 -------------- celery@kingaliubunto-VivoBook-ASUSLaptop-X571GT-K571GT v5.2.7 (dawn-chorus)
--- ***** ----- 
-- ******* ---- Linux-5.19.0-41-generic-x86_64-with-glibc2.35 2023-05-10 12:53:40
- *** --- * --- 
- ** ---------- [config]
- ** ---------- .> app:         OnlineShop:0x7f2dbc969720
- ** ---------- .> transport:   amqp://guest:**@localhost:5672//
- ** ---------- .> results:     rpc://
- *** --- * --- .> concurrency: 12 (prefork)
-- ******* ---- .> task events: OFF (enable -E to monitor tasks in this worker)
--- ***** ----- 
 -------------- [queues]
                .> celery           exchange=celery(direct) key=celery
                

[tasks]
  . accounts.tasks.remove_expired_otp_codes
  . home.tasks.delete_object_bucket
  . home.tasks.download_bucket_object

celery beat v5.2.7 (dawn-chorus) is starting.
__    -    ... __   -        _
LocalTime -> 2023-05-10 12:53:15
Configuration ->
    . broker -> amqp://guest:**@localhost:5672//
    . loader -> celery.loaders.app.AppLoader
    . scheduler -> django_celery_beat.schedulers.DatabaseScheduler

    . logfile -> [stderr]@%INFO
    . maxinterval -> 5.00 seconds (5s)
 
 -------------- celery@kingaliubunto-VivoBook-ASUSLaptop-X571GT-K571GT v5.2.7 (dawn-chorus)
--- ***** ----- 
-- ******* ---- Linux-5.19.0-41-generic-x86_64-with-glibc2.35 2023-05-10 13:43:07
- *** --- * --- 
- ** ---------- [config]
- ** ---------- .> app:         OnlineShop:0x7f28c3269720
- ** ---------- .> transport:   amqp://guest:**@localhost:5672//
- ** ---------- .> results:     rpc://
- *** --- * --- .> concurrency: 12 (prefork)
-- ******* ---- .> task events: OFF (enable -E to monitor tasks in this worker)
--- ***** ----- 
 -------------- [queues]
                .> celery           exchange=celery(direct) key=celery
                

[tasks]
  . accounts.tasks.remove_expired_otp_codes
  . home.tasks.delete_object_bucket
  . home.tasks.download_bucket_object

celery beat v5.2.7 (dawn-chorus) is starting.
__    -    ... __   -        _
LocalTime -> 2023-05-10 13:42:40
Configuration ->
    . broker -> amqp://guest:**@localhost:5672//
    . loader -> celery.loaders.app.AppLoader
    . scheduler -> django_celery_beat.schedulers.DatabaseScheduler

    . logfile -> [stderr]@%INFO
    . maxinterval -> 5.00 seconds (5s)
 
 -------------- celery@kingaliubunto-VivoBook-ASUSLaptop-X571GT-K571GT v5.2.7 (dawn-chorus)
--- ***** ----- 
-- ******* ---- Linux-5.19.0-41-generic-x86_64-with-glibc2.35 2023-05-10 14:32:34
- *** --- * --- 
- ** ---------- [config]
- ** ---------- .> app:         OnlineShop:0x7fa6bce6d720
- ** ---------- .> transport:   amqp://guest:**@localhost:5672//
- ** ---------- .> results:     rpc://
- *** --- * --- .> concurrency: 12 (prefork)
-- ******* ---- .> task events: OFF (enable -E to monitor tasks in this worker)
--- ***** ----- 
 -------------- [queues]
                .> celery           exchange=celery(direct) key=celery
                

[tasks]
  . accounts.tasks.remove_expired_otp_codes
  . home.tasks.delete_object_bucket
  . home.tasks.download_bucket_object

celery beat v5.2.7 (dawn-chorus) is starting.
__    -    ... __   -        _
LocalTime -> 2023-05-10 14:32:05
Configuration ->
    . broker -> amqp://guest:**@localhost:5672//
    . loader -> celery.loaders.app.AppLoader
    . scheduler -> django_celery_beat.schedulers.DatabaseScheduler

    . logfile -> [stderr]@%INFO
    . maxinterval -> 5.00 seconds (5s)
 
 -------------- celery@kingaliubunto-VivoBook-ASUSLaptop-X571GT-K571GT v5.2.7 (dawn-chorus)
--- ***** ----- 
-- ******* ---- Linux-5.19.0-41-generic-x86_64-with-glibc2.35 2023-05-10 15:44:56
- *** --- * --- 
- ** ---------- [config]
- ** ---------- .> app:         OnlineShop:0x7f5fd0361720
- ** ---------- .> transport:   amqp://guest:**@localhost:5672//
- ** ---------- .> results:     rpc://
- *** --- * --- .> concurrency: 12 (prefork)
-- ******* ---- .> task events: OFF (enable -E to monitor tasks in this worker)
--- ***** ----- 
 -------------- [queues]
                .> celery           exchange=celery(direct) key=celery
                

[tasks]
  . accounts.tasks.remove_expired_otp_codes
  . home.tasks.delete_object_bucket
  . home.tasks.download_bucket_object

celery beat v5.2.7 (dawn-chorus) is starting.
__    -    ... __   -        _
LocalTime -> 2023-05-10 15:44:25
Configuration ->
    . broker -> amqp://guest:**@localhost:5672//
    . loader -> celery.loaders.app.AppLoader
    . scheduler -> django_celery_beat.schedulers.DatabaseScheduler

    . logfile -> [stderr]@%INFO
    . maxinterval -> 5.00 seconds (5s)
 
 -------------- celery@kingaliubunto-VivoBook-ASUSLaptop-X571GT-K571GT v5.2.7 (dawn-chorus)
--- ***** ----- 
-- ******* ---- Linux-5.19.0-41-generic-x86_64-with-glibc2.35 2023-05-11 15:27:54
- *** --- * --- 
- ** ---------- [config]
- ** ---------- .> app:         OnlineShop:0x7eff7f361720
- ** ---------- .> transport:   amqp://guest:**@localhost:5672//
- ** ---------- .> results:     rpc://
- *** --- * --- .> concurrency: 12 (prefork)
-- ******* ---- .> task events: OFF (enable -E to monitor tasks in this worker)
--- ***** ----- 
 -------------- [queues]
                .> celery           exchange=celery(direct) key=celery
                

[tasks]
  . accounts.tasks.remove_expired_otp_codes
  . home.tasks.delete_object_bucket
  . home.tasks.download_bucket_object

celery beat v5.2.7 (dawn-chorus) is starting.
__    -    ... __   -        _
LocalTime -> 2023-05-11 15:27:54
Configuration ->
    . broker -> amqp://guest:**@localhost:5672//
    . loader -> celery.loaders.app.AppLoader
    . scheduler -> django_celery_beat.schedulers.DatabaseScheduler

    . logfile -> [stderr]@%INFO
    . maxinterval -> 5.00 seconds (5s)
 
 -------------- celery@kingaliubunto-VivoBook-ASUSLaptop-X571GT-K571GT v5.2.7 (dawn-chorus)
--- ***** ----- 
-- ******* ---- Linux-5.19.0-41-generic-x86_64-with-glibc2.35 2023-05-11 16:17:22
- *** --- * --- 
- ** ---------- [config]
- ** ---------- .> app:         OnlineShop:0x7fe4f1f71720
- ** ---------- .> transport:   amqp://guest:**@localhost:5672//
- ** ---------- .> results:     rpc://
- *** --- * --- .> concurrency: 12 (prefork)
-- ******* ---- .> task events: OFF (enable -E to monitor tasks in this worker)
--- ***** ----- 
 -------------- [queues]
                .> celery           exchange=celery(direct) key=celery
                

[tasks]
  . accounts.tasks.remove_expired_otp_codes
  . home.tasks.delete_object_bucket
  . home.tasks.download_bucket_object

celery beat v5.2.7 (dawn-chorus) is starting.
__    -    ... __   -        _
LocalTime -> 2023-05-11 16:17:19
Configuration ->
    . broker -> amqp://guest:**@localhost:5672//
    . loader -> celery.loaders.app.AppLoader
    . scheduler -> django_celery_beat.schedulers.DatabaseScheduler

    . logfile -> [stderr]@%INFO
    . maxinterval -> 5.00 seconds (5s)
 
 -------------- celery@kingaliubunto-VivoBook-ASUSLaptop-X571GT-K571GT v5.2.7 (dawn-chorus)
--- ***** ----- 
-- ******* ---- Linux-5.19.0-41-generic-x86_64-with-glibc2.35 2023-05-11 17:06:49
- *** --- * --- 
- ** ---------- [config]
- ** ---------- .> app:         OnlineShop:0x7f751f86d720
- ** ---------- .> transport:   amqp://guest:**@localhost:5672//
- ** ---------- .> results:     rpc://
- *** --- * --- .> concurrency: 12 (prefork)
-- ******* ---- .> task events: OFF (enable -E to monitor tasks in this worker)
--- ***** ----- 
 -------------- [queues]
                .> celery           exchange=celery(direct) key=celery
                

[tasks]
  . accounts.tasks.remove_expired_otp_codes
  . home.tasks.delete_object_bucket
  . home.tasks.download_bucket_object

celery beat v5.2.7 (dawn-chorus) is starting.
__    -    ... __   -        _
LocalTime -> 2023-05-11 17:06:45
Configuration ->
    . broker -> amqp://guest:**@localhost:5672//
    . loader -> celery.loaders.app.AppLoader
    . scheduler -> django_celery_beat.schedulers.DatabaseScheduler

    . logfile -> [stderr]@%INFO
    . maxinterval -> 5.00 seconds (5s)
 
 -------------- celery@kingaliubunto-VivoBook-ASUSLaptop-X571GT-K571GT v5.2.7 (dawn-chorus)
--- ***** ----- 
-- ******* ---- Linux-5.19.0-41-generic-x86_64-with-glibc2.35 2023-05-11 17:56:17
- *** --- * --- 
- ** ---------- [config]
- ** ---------- .> app:         OnlineShop:0x7f71ab469720
- ** ---------- .> transport:   amqp://guest:**@localhost:5672//
- ** ---------- .> results:     rpc://
- *** --- * --- .> concurrency: 12 (prefork)
-- ******* ---- .> task events: OFF (enable -E to monitor tasks in this worker)
--- ***** ----- 
 -------------- [queues]
                .> celery           exchange=celery(direct) key=celery
                

[tasks]
  . accounts.tasks.remove_expired_otp_codes
  . home.tasks.delete_object_bucket
  . home.tasks.download_bucket_object

celery beat v5.2.7 (dawn-chorus) is starting.
__    -    ... __   -        _
LocalTime -> 2023-05-11 17:56:11
Configuration ->
    . broker -> amqp://guest:**@localhost:5672//
    . loader -> celery.loaders.app.AppLoader
    . scheduler -> django_celery_beat.schedulers.DatabaseScheduler

    . logfile -> [stderr]@%INFO
    . maxinterval -> 5.00 seconds (5s)
 
 -------------- celery@kingaliubunto-VivoBook-ASUSLaptop-X571GT-K571GT v5.2.7 (dawn-chorus)
--- ***** ----- 
-- ******* ---- Linux-5.19.0-41-generic-x86_64-with-glibc2.35 2023-05-11 18:45:44
- *** --- * --- 
- ** ---------- [config]
- ** ---------- .> app:         OnlineShop:0x7ffbaf861720
- ** ---------- .> transport:   amqp://guest:**@localhost:5672//
- ** ---------- .> results:     rpc://
- *** --- * --- .> concurrency: 12 (prefork)
-- ******* ---- .> task events: OFF (enable -E to monitor tasks in this worker)
--- ***** ----- 
 -------------- [queues]
                .> celery           exchange=celery(direct) key=celery
                

[tasks]
  . accounts.tasks.remove_expired_otp_codes
  . home.tasks.delete_object_bucket
  . home.tasks.download_bucket_object

celery beat v5.2.7 (dawn-chorus) is starting.
__    -    ... __   -        _
LocalTime -> 2023-05-11 18:45:36
Configuration ->
    . broker -> amqp://guest:**@localhost:5672//
    . loader -> celery.loaders.app.AppLoader
    . scheduler -> django_celery_beat.schedulers.DatabaseScheduler

    . logfile -> [stderr]@%INFO
    . maxinterval -> 5.00 seconds (5s)
 
 -------------- celery@kingaliubunto-VivoBook-ASUSLaptop-X571GT-K571GT v5.2.7 (dawn-chorus)
--- ***** ----- 
-- ******* ---- Linux-5.19.0-41-generic-x86_64-with-glibc2.35 2023-05-11 19:35:11
- *** --- * --- 
- ** ---------- [config]
- ** ---------- .> app:         OnlineShop:0x7f0003a6d720
- ** ---------- .> transport:   amqp://guest:**@localhost:5672//
- ** ---------- .> results:     rpc://
- *** --- * --- .> concurrency: 12 (prefork)
-- ******* ---- .> task events: OFF (enable -E to monitor tasks in this worker)
--- ***** ----- 
 -------------- [queues]
                .> celery           exchange=celery(direct) key=celery
                

[tasks]
  . accounts.tasks.remove_expired_otp_codes
  . home.tasks.delete_object_bucket
  . home.tasks.download_bucket_object

celery beat v5.2.7 (dawn-chorus) is starting.
__    -    ... __   -        _
LocalTime -> 2023-05-11 19:35:01
Configuration ->
    . broker -> amqp://guest:**@localhost:5672//
    . loader -> celery.loaders.app.AppLoader
    . scheduler -> django_celery_beat.schedulers.DatabaseScheduler

    . logfile -> [stderr]@%INFO
    . maxinterval -> 5.00 seconds (5s)
 
 -------------- celery@kingaliubunto-VivoBook-ASUSLaptop-X571GT-K571GT v5.2.7 (dawn-chorus)
--- ***** ----- 
-- ******* ---- Linux-5.19.0-41-generic-x86_64-with-glibc2.35 2023-05-11 20:24:38
- *** --- * --- 
- ** ---------- [config]
- ** ---------- .> app:         OnlineShop:0x7f968566d720
- ** ---------- .> transport:   amqp://guest:**@localhost:5672//
- ** ---------- .> results:     rpc://
- *** --- * --- .> concurrency: 12 (prefork)
-- ******* ---- .> task events: OFF (enable -E to monitor tasks in this worker)
--- ***** ----- 
 -------------- [queues]
                .> celery           exchange=celery(direct) key=celery
                

[tasks]
  . accounts.tasks.remove_expired_otp_codes
  . home.tasks.delete_object_bucket
  . home.tasks.download_bucket_object

celery beat v5.2.7 (dawn-chorus) is starting.
__    -    ... __   -        _
LocalTime -> 2023-05-11 20:24:25
Configuration ->
    . broker -> amqp://guest:**@localhost:5672//
    . loader -> celery.loaders.app.AppLoader
    . scheduler -> django_celery_beat.schedulers.DatabaseScheduler

    . logfile -> [stderr]@%INFO
    . maxinterval -> 5.00 seconds (5s)
 
 -------------- celery@kingaliubunto-VivoBook-ASUSLaptop-X571GT-K571GT v5.2.7 (dawn-chorus)
--- ***** ----- 
-- ******* ---- Linux-5.19.0-41-generic-x86_64-with-glibc2.35 2023-05-11 21:14:05
- *** --- * --- 
- ** ---------- [config]
- ** ---------- .> app:         OnlineShop:0x7f439a66d720
- ** ---------- .> transport:   amqp://guest:**@localhost:5672//
- ** ---------- .> results:     rpc://
- *** --- * --- .> concurrency: 12 (prefork)
-- ******* ---- .> task events: OFF (enable -E to monitor tasks in this worker)
--- ***** ----- 
 -------------- [queues]
                .> celery           exchange=celery(direct) key=celery
                

[tasks]
  . accounts.tasks.remove_expired_otp_codes
  . home.tasks.delete_object_bucket
  . home.tasks.download_bucket_object

celery beat v5.2.7 (dawn-chorus) is starting.
__    -    ... __   -        _
LocalTime -> 2023-05-11 21:13:51
Configuration ->
    . broker -> amqp://guest:**@localhost:5672//
    . loader -> celery.loaders.app.AppLoader
    . scheduler -> django_celery_beat.schedulers.DatabaseScheduler

    . logfile -> [stderr]@%INFO
    . maxinterval -> 5.00 seconds (5s)
 
 -------------- celery@kingaliubunto-VivoBook-ASUSLaptop-X571GT-K571GT v5.2.7 (dawn-chorus)
--- ***** ----- 
-- ******* ---- Linux-5.19.0-41-generic-x86_64-with-glibc2.35 2023-05-13 04:50:09
- *** --- * --- 
- ** ---------- [config]
- ** ---------- .> app:         OnlineShop:0x7f5a52371720
- ** ---------- .> transport:   amqp://guest:**@localhost:5672//
- ** ---------- .> results:     rpc://
- *** --- * --- .> concurrency: 12 (prefork)
-- ******* ---- .> task events: OFF (enable -E to monitor tasks in this worker)
--- ***** ----- 
 -------------- [queues]
                .> celery           exchange=celery(direct) key=celery
                

[tasks]
  . accounts.tasks.remove_expired_otp_codes
  . home.tasks.delete_object_bucket
  . home.tasks.download_bucket_object

