[2023-04-25 16:54:36,028: WARNING/MainProcess] No hostname was supplied. Reverting to default 'localhost'
[2023-04-25 16:54:36,534: INFO/MainProcess] Connected to amqp://guest:**@127.0.0.1:5672//
[2023-04-25 16:54:36,537: INFO/MainProcess] mingle: searching for neighbors
[2023-04-25 16:54:36,542: WARNING/MainProcess] No hostname was supplied. Reverting to default 'localhost'
[2023-04-25 16:54:37,558: INFO/MainProcess] mingle: all alone
[2023-04-25 16:54:37,604: WARNING/MainProcess] /home/kingaliubunto/PycharmProjects/OnlineShop/venv/lib/python3.10/site-packages/celery/fixups/django.py:203: UserWarning: Using settings.DEBUG leads to a memory
            leak, never use this setting in production environments!
  warnings.warn('''Using settings.DEBUG leads to a memory

[2023-04-25 16:54:37,604: INFO/MainProcess] celery@kingaliubunto-VivoBook-ASUSLaptop-X571GT-K571GT ready.
[2023-04-25 17:17:04,293: INFO/MainProcess] beat: Starting...
[2023-04-25 17:17:04,321: INFO/MainProcess] Scheduler: Sending due task remove expired otp (accounts.tasks.remove_expired_otp_codes)
[2023-04-25 17:17:04,333: INFO/MainProcess] Task accounts.tasks.remove_expired_otp_codes[25b69409-ee1f-4002-be04-be687fd79e00] received
[2023-04-25 17:17:04,345: WARNING/ForkPoolWorker-8] No hostname was supplied. Reverting to default 'localhost'
[2023-04-25 17:17:04,348: INFO/ForkPoolWorker-8] Task accounts.tasks.remove_expired_otp_codes[25b69409-ee1f-4002-be04-be687fd79e00] succeeded in 0.014435263999985182s: None
[2023-04-25 17:19:04,320: INFO/MainProcess] Scheduler: Sending due task remove expired otp (accounts.tasks.remove_expired_otp_codes)
[2023-04-25 17:19:04,322: INFO/MainProcess] Task accounts.tasks.remove_expired_otp_codes[3071b6a2-a109-495a-9b14-eb0b8874718f] received
[2023-04-25 17:19:04,324: INFO/ForkPoolWorker-8] Task accounts.tasks.remove_expired_otp_codes[3071b6a2-a109-495a-9b14-eb0b8874718f] succeeded in 0.001337351999609382s: None
[2023-04-25 17:21:04,322: INFO/MainProcess] Scheduler: Sending due task remove expired otp (accounts.tasks.remove_expired_otp_codes)
[2023-04-25 17:21:04,323: INFO/MainProcess] Task accounts.tasks.remove_expired_otp_codes[8ad469b4-bdb4-4e8f-b309-25cef1a337e4] received
[2023-04-25 17:21:04,325: INFO/ForkPoolWorker-8] Task accounts.tasks.remove_expired_otp_codes[8ad469b4-bdb4-4e8f-b309-25cef1a337e4] succeeded in 0.0015321029986807844s: None
[2023-04-25 17:23:04,323: INFO/MainProcess] Scheduler: Sending due task remove expired otp (accounts.tasks.remove_expired_otp_codes)
[2023-04-25 17:23:04,324: INFO/MainProcess] Task accounts.tasks.remove_expired_otp_codes[a88d0a59-1f93-4fa0-92fd-6be3dc41fd81] received
[2023-04-25 17:23:04,326: INFO/ForkPoolWorker-8] Task accounts.tasks.remove_expired_otp_codes[a88d0a59-1f93-4fa0-92fd-6be3dc41fd81] succeeded in 0.001311590000113938s: None
[2023-04-25 17:25:04,324: INFO/MainProcess] Scheduler: Sending due task remove expired otp (accounts.tasks.remove_expired_otp_codes)
[2023-04-25 17:25:04,325: INFO/MainProcess] Task accounts.tasks.remove_expired_otp_codes[8ad23144-8222-4abf-9dd2-1396ca06bfa5] received
[2023-04-25 17:25:04,327: INFO/ForkPoolWorker-8] Task accounts.tasks.remove_expired_otp_codes[8ad23144-8222-4abf-9dd2-1396ca06bfa5] succeeded in 0.0011608109998633154s: None
[2023-04-25 17:27:04,325: INFO/MainProcess] Scheduler: Sending due task remove expired otp (accounts.tasks.remove_expired_otp_codes)
[2023-04-25 17:27:04,326: INFO/MainProcess] Task accounts.tasks.remove_expired_otp_codes[ce0a5524-47be-4a5d-93a1-f71005423867] received
[2023-04-25 17:27:04,328: INFO/ForkPoolWorker-8] Task accounts.tasks.remove_expired_otp_codes[ce0a5524-47be-4a5d-93a1-f71005423867] succeeded in 0.0014192849994287826s: None
[2023-04-25 17:29:04,326: INFO/MainProcess] Scheduler: Sending due task remove expired otp (accounts.tasks.remove_expired_otp_codes)
[2023-04-25 17:29:04,327: INFO/MainProcess] Task accounts.tasks.remove_expired_otp_codes[962d02ca-0216-4153-b995-878cd738f9e6] received
[2023-04-25 17:29:04,329: INFO/ForkPoolWorker-8] Task accounts.tasks.remove_expired_otp_codes[962d02ca-0216-4153-b995-878cd738f9e6] succeeded in 0.0011516000013216399s: None
[2023-04-26 07:08:49,708: INFO/MainProcess] Scheduler: Sending due task remove expired otp (accounts.tasks.remove_expired_otp_codes)
[2023-04-26 07:08:49,711: INFO/MainProcess] Task accounts.tasks.remove_expired_otp_codes[1db27fc3-bde4-4735-84c6-92f5a8892e19] received
[2023-04-26 07:08:49,711: INFO/MainProcess] Scheduler: Sending due task celery.backend_cleanup (celery.backend_cleanup)
[2023-04-26 07:08:49,713: INFO/MainProcess] Task celery.backend_cleanup[3a5e25ea-bc70-4cae-84b6-4ccc490afd4b] received
[2023-04-26 07:08:49,713: INFO/ForkPoolWorker-8] Task accounts.tasks.remove_expired_otp_codes[1db27fc3-bde4-4735-84c6-92f5a8892e19] succeeded in 0.0015304790013033198s: None
[2023-04-26 07:08:49,714: WARNING/ForkPoolWorker-1] No hostname was supplied. Reverting to default 'localhost'
[2023-04-26 07:08:49,717: INFO/ForkPoolWorker-1] Task celery.backend_cleanup[3a5e25ea-bc70-4cae-84b6-4ccc490afd4b] succeeded in 0.004314646999773686s: None
[2023-04-26 07:10:49,710: INFO/MainProcess] Scheduler: Sending due task remove expired otp (accounts.tasks.remove_expired_otp_codes)
[2023-04-26 07:10:49,711: INFO/MainProcess] Task accounts.tasks.remove_expired_otp_codes[5be7183e-e058-4dad-a87d-0a87ab00eca9] received
[2023-04-26 07:10:49,713: INFO/ForkPoolWorker-8] Task accounts.tasks.remove_expired_otp_codes[5be7183e-e058-4dad-a87d-0a87ab00eca9] succeeded in 0.001037129000906134s: None
[2023-04-26 07:12:49,711: INFO/MainProcess] Scheduler: Sending due task remove expired otp (accounts.tasks.remove_expired_otp_codes)
[2023-04-26 07:12:49,712: INFO/MainProcess] Task accounts.tasks.remove_expired_otp_codes[1ab2f45c-b51b-489b-98fb-af2b2b096257] received
[2023-04-26 07:12:49,714: INFO/ForkPoolWorker-8] Task accounts.tasks.remove_expired_otp_codes[1ab2f45c-b51b-489b-98fb-af2b2b096257] succeeded in 0.0013116720001562499s: None
[2023-04-26 07:14:49,712: INFO/MainProcess] Scheduler: Sending due task remove expired otp (accounts.tasks.remove_expired_otp_codes)
[2023-04-26 07:14:49,713: INFO/MainProcess] Task accounts.tasks.remove_expired_otp_codes[3119ee08-911d-4bd3-9700-6390e38259f7] received
[2023-04-26 07:14:49,715: INFO/ForkPoolWorker-8] Task accounts.tasks.remove_expired_otp_codes[3119ee08-911d-4bd3-9700-6390e38259f7] succeeded in 0.0010483079986443045s: None
[2023-04-26 07:16:49,713: INFO/MainProcess] Scheduler: Sending due task remove expired otp (accounts.tasks.remove_expired_otp_codes)
[2023-04-26 07:16:49,714: INFO/MainProcess] Task accounts.tasks.remove_expired_otp_codes[509b0f2d-888d-4e8e-a5fd-6a2c5e190b8d] received
[2023-04-26 07:16:49,716: INFO/ForkPoolWorker-8] Task accounts.tasks.remove_expired_otp_codes[509b0f2d-888d-4e8e-a5fd-6a2c5e190b8d] succeeded in 0.0011447670003690291s: None
[2023-04-26 07:18:49,714: INFO/MainProcess] Scheduler: Sending due task remove expired otp (accounts.tasks.remove_expired_otp_codes)
[2023-04-26 07:18:49,716: INFO/MainProcess] Task accounts.tasks.remove_expired_otp_codes[5e366f2c-3069-4b50-ab5a-5dc5d3d80b22] received
[2023-04-26 07:18:49,717: INFO/ForkPoolWorker-8] Task accounts.tasks.remove_expired_otp_codes[5e366f2c-3069-4b50-ab5a-5dc5d3d80b22] succeeded in 0.0010566699984337902s: None
[2023-04-26 07:20:49,715: INFO/MainProcess] Scheduler: Sending due task remove expired otp (accounts.tasks.remove_expired_otp_codes)
[2023-04-26 07:20:49,716: INFO/MainProcess] Task accounts.tasks.remove_expired_otp_codes[8e006cb1-33af-414e-875b-4c51d842c2ff] received
[2023-04-26 07:20:49,718: INFO/ForkPoolWorker-8] Task accounts.tasks.remove_expired_otp_codes[8e006cb1-33af-414e-875b-4c51d842c2ff] succeeded in 0.0010895039995375555s: None
[2023-04-26 07:22:49,716: INFO/MainProcess] Scheduler: Sending due task remove expired otp (accounts.tasks.remove_expired_otp_codes)
[2023-04-26 07:22:49,717: INFO/MainProcess] Task accounts.tasks.remove_expired_otp_codes[aa590f9b-d4c7-479b-a772-41f15351dec0] received
[2023-04-26 07:22:49,719: INFO/ForkPoolWorker-8] Task accounts.tasks.remove_expired_otp_codes[aa590f9b-d4c7-479b-a772-41f15351dec0] succeeded in 0.0011009890004061162s: None
[2023-04-26 07:24:49,717: INFO/MainProcess] Scheduler: Sending due task remove expired otp (accounts.tasks.remove_expired_otp_codes)
[2023-04-26 07:24:49,718: INFO/MainProcess] Task accounts.tasks.remove_expired_otp_codes[33595d9c-3670-4cb5-a7ec-ef15361f934f] received
[2023-04-26 07:24:49,720: INFO/ForkPoolWorker-8] Task accounts.tasks.remove_expired_otp_codes[33595d9c-3670-4cb5-a7ec-ef15361f934f] succeeded in 0.001141572000051383s: None
[2023-04-26 07:26:49,719: INFO/MainProcess] Scheduler: Sending due task remove expired otp (accounts.tasks.remove_expired_otp_codes)
[2023-04-26 07:26:49,725: INFO/MainProcess] Task accounts.tasks.remove_expired_otp_codes[31f0549e-083d-4cc4-9dda-830098063cde] received
[2023-04-26 07:26:49,730: INFO/ForkPoolWorker-8] Task accounts.tasks.remove_expired_otp_codes[31f0549e-083d-4cc4-9dda-830098063cde] succeeded in 0.003930393999326043s: None
[2023-04-26 07:28:49,720: INFO/MainProcess] Scheduler: Sending due task remove expired otp (accounts.tasks.remove_expired_otp_codes)
[2023-04-26 07:28:49,726: INFO/MainProcess] Task accounts.tasks.remove_expired_otp_codes[e04af272-780f-42ec-8436-9e66b0a28f83] received
[2023-04-26 07:28:49,729: INFO/ForkPoolWorker-8] Task accounts.tasks.remove_expired_otp_codes[e04af272-780f-42ec-8436-9e66b0a28f83] succeeded in 0.0018764390006253961s: None
[2023-04-26 07:30:49,721: INFO/MainProcess] Scheduler: Sending due task remove expired otp (accounts.tasks.remove_expired_otp_codes)
[2023-04-26 07:30:49,722: INFO/MainProcess] Task accounts.tasks.remove_expired_otp_codes[ec991f56-447e-4342-801a-94bfe5f133d7] received
[2023-04-26 07:30:49,724: INFO/ForkPoolWorker-8] Task accounts.tasks.remove_expired_otp_codes[ec991f56-447e-4342-801a-94bfe5f133d7] succeeded in 0.0012650310000026366s: None
[2023-04-26 07:32:49,722: INFO/MainProcess] Scheduler: Sending due task remove expired otp (accounts.tasks.remove_expired_otp_codes)
[2023-04-26 07:32:49,723: INFO/MainProcess] Task accounts.tasks.remove_expired_otp_codes[2e74495d-4caf-467f-be5a-85c4cdadf4e8] received
[2023-04-26 07:32:49,725: INFO/ForkPoolWorker-8] Task accounts.tasks.remove_expired_otp_codes[2e74495d-4caf-467f-be5a-85c4cdadf4e8] succeeded in 0.001084924000679166s: None
[2023-04-26 07:34:49,722: INFO/MainProcess] Scheduler: Sending due task remove expired otp (accounts.tasks.remove_expired_otp_codes)
[2023-04-26 07:34:49,724: INFO/MainProcess] Task accounts.tasks.remove_expired_otp_codes[55a39bab-fae6-4426-bf0b-2f5f3f71a0c1] received
[2023-04-26 07:34:49,726: INFO/ForkPoolWorker-8] Task accounts.tasks.remove_expired_otp_codes[55a39bab-fae6-4426-bf0b-2f5f3f71a0c1] succeeded in 0.0011241510001127608s: None
[2023-04-26 07:36:49,723: INFO/MainProcess] Scheduler: Sending due task remove expired otp (accounts.tasks.remove_expired_otp_codes)
[2023-04-26 07:36:49,725: INFO/MainProcess] Task accounts.tasks.remove_expired_otp_codes[c96bcb1f-043a-4dba-9b34-bb5cf29951fb] received
[2023-04-26 07:36:49,727: INFO/ForkPoolWorker-8] Task accounts.tasks.remove_expired_otp_codes[c96bcb1f-043a-4dba-9b34-bb5cf29951fb] succeeded in 0.0011538709986780304s: None
[2023-04-26 07:38:49,724: INFO/MainProcess] Scheduler: Sending due task remove expired otp (accounts.tasks.remove_expired_otp_codes)
[2023-04-26 07:38:49,726: INFO/MainProcess] Task accounts.tasks.remove_expired_otp_codes[76f62cf1-0915-4325-873f-346a2393e9eb] received
[2023-04-26 07:38:49,727: INFO/ForkPoolWorker-8] Task accounts.tasks.remove_expired_otp_codes[76f62cf1-0915-4325-873f-346a2393e9eb] succeeded in 0.001355959999273182s: None
[2023-04-26 07:40:49,725: INFO/MainProcess] Scheduler: Sending due task remove expired otp (accounts.tasks.remove_expired_otp_codes)
[2023-04-26 07:40:49,726: INFO/MainProcess] Task accounts.tasks.remove_expired_otp_codes[42c36400-a486-4c32-ab6e-721bd91644ca] received
[2023-04-26 07:40:49,728: INFO/ForkPoolWorker-8] Task accounts.tasks.remove_expired_otp_codes[42c36400-a486-4c32-ab6e-721bd91644ca] succeeded in 0.0012316430002101697s: None
[2023-04-26 07:42:49,726: INFO/MainProcess] Scheduler: Sending due task remove expired otp (accounts.tasks.remove_expired_otp_codes)
[2023-04-26 07:42:49,727: INFO/MainProcess] Task accounts.tasks.remove_expired_otp_codes[6fb66959-3a98-41a7-b49a-d2a0057e7ecf] received
[2023-04-26 07:42:49,729: INFO/ForkPoolWorker-8] Task accounts.tasks.remove_expired_otp_codes[6fb66959-3a98-41a7-b49a-d2a0057e7ecf] succeeded in 0.001066323000486591s: None
[2023-04-26 07:44:49,727: INFO/MainProcess] Scheduler: Sending due task remove expired otp (accounts.tasks.remove_expired_otp_codes)
[2023-04-26 07:44:49,728: INFO/MainProcess] Task accounts.tasks.remove_expired_otp_codes[836f7131-5480-4431-8b91-bc9059047aa8] received
[2023-04-26 07:44:49,730: INFO/ForkPoolWorker-8] Task accounts.tasks.remove_expired_otp_codes[836f7131-5480-4431-8b91-bc9059047aa8] succeeded in 0.001030663001074572s: None
[2023-04-26 07:46:49,728: INFO/MainProcess] Scheduler: Sending due task remove expired otp (accounts.tasks.remove_expired_otp_codes)
[2023-04-26 07:46:49,734: INFO/MainProcess] Task accounts.tasks.remove_expired_otp_codes[fac72bb5-d3a7-4fc4-a4e2-2d8e32ebbce8] received
[2023-04-26 07:46:49,739: INFO/ForkPoolWorker-8] Task accounts.tasks.remove_expired_otp_codes[fac72bb5-d3a7-4fc4-a4e2-2d8e32ebbce8] succeeded in 0.004529372999968473s: None
[2023-04-26 07:48:49,728: INFO/MainProcess] Scheduler: Sending due task remove expired otp (accounts.tasks.remove_expired_otp_codes)
[2023-04-26 07:48:49,730: INFO/MainProcess] Task accounts.tasks.remove_expired_otp_codes[c942d55a-7624-4761-9191-dc623ac62fa5] received
[2023-04-26 07:48:49,732: INFO/ForkPoolWorker-8] Task accounts.tasks.remove_expired_otp_codes[c942d55a-7624-4761-9191-dc623ac62fa5] succeeded in 0.0012970660009159474s: None
[2023-04-26 07:50:49,729: INFO/MainProcess] Scheduler: Sending due task remove expired otp (accounts.tasks.remove_expired_otp_codes)
[2023-04-26 07:50:49,730: INFO/MainProcess] Task accounts.tasks.remove_expired_otp_codes[15eb8603-d1d5-47b1-b566-24cd99bc705a] received
[2023-04-26 07:50:49,732: INFO/ForkPoolWorker-8] Task accounts.tasks.remove_expired_otp_codes[15eb8603-d1d5-47b1-b566-24cd99bc705a] succeeded in 0.0011176359985256568s: None
[2023-04-26 07:52:49,729: INFO/MainProcess] Scheduler: Sending due task remove expired otp (accounts.tasks.remove_expired_otp_codes)
[2023-04-26 07:52:49,730: INFO/MainProcess] Task accounts.tasks.remove_expired_otp_codes[6e89c051-9386-4d52-b946-4aaedc1ca8c3] received
[2023-04-26 07:52:49,732: INFO/ForkPoolWorker-8] Task accounts.tasks.remove_expired_otp_codes[6e89c051-9386-4d52-b946-4aaedc1ca8c3] succeeded in 0.0010944389996438986s: None
[2023-04-26 07:54:49,729: INFO/MainProcess] Scheduler: Sending due task remove expired otp (accounts.tasks.remove_expired_otp_codes)
[2023-04-26 07:54:49,731: INFO/MainProcess] Task accounts.tasks.remove_expired_otp_codes[d5a2a70d-f62d-4275-a543-5ce4753436b0] received
[2023-04-26 07:54:49,733: INFO/ForkPoolWorker-8] Task accounts.tasks.remove_expired_otp_codes[d5a2a70d-f62d-4275-a543-5ce4753436b0] succeeded in 0.0010713339997892035s: None
[2023-04-26 07:56:49,732: INFO/MainProcess] Scheduler: Sending due task remove expired otp (accounts.tasks.remove_expired_otp_codes)
[2023-04-26 07:56:49,737: INFO/MainProcess] Task accounts.tasks.remove_expired_otp_codes[f210f0a8-c335-42bb-9472-96e9a46fad04] received
[2023-04-26 07:56:49,743: INFO/ForkPoolWorker-8] Task accounts.tasks.remove_expired_otp_codes[f210f0a8-c335-42bb-9472-96e9a46fad04] succeeded in 0.004904060999251669s: None
[2023-04-26 07:58:49,732: INFO/MainProcess] Scheduler: Sending due task remove expired otp (accounts.tasks.remove_expired_otp_codes)
[2023-04-26 07:58:49,733: INFO/MainProcess] Task accounts.tasks.remove_expired_otp_codes[1f78fb3d-c102-4f85-8522-9b8111d34719] received
[2023-04-26 07:58:49,735: INFO/ForkPoolWorker-8] Task accounts.tasks.remove_expired_otp_codes[1f78fb3d-c102-4f85-8522-9b8111d34719] succeeded in 0.0012606350010173628s: None
[2023-04-26 08:00:49,735: INFO/MainProcess] Scheduler: Sending due task remove expired otp (accounts.tasks.remove_expired_otp_codes)
[2023-04-26 08:00:49,740: INFO/MainProcess] Task accounts.tasks.remove_expired_otp_codes[f5a1e74d-f092-4c52-8caa-12ecef366b08] received
[2023-04-26 08:00:49,746: INFO/ForkPoolWorker-8] Task accounts.tasks.remove_expired_otp_codes[f5a1e74d-f092-4c52-8caa-12ecef366b08] succeeded in 0.004490962999625481s: None
[2023-04-26 08:02:49,736: INFO/MainProcess] Scheduler: Sending due task remove expired otp (accounts.tasks.remove_expired_otp_codes)
[2023-04-26 08:02:49,741: INFO/MainProcess] Task accounts.tasks.remove_expired_otp_codes[22ae3fd9-093f-4348-b330-23459f351767] received
[2023-04-26 08:02:49,747: INFO/ForkPoolWorker-8] Task accounts.tasks.remove_expired_otp_codes[22ae3fd9-093f-4348-b330-23459f351767] succeeded in 0.0046606319992861245s: None
[2023-04-26 08:04:49,736: INFO/MainProcess] Scheduler: Sending due task remove expired otp (accounts.tasks.remove_expired_otp_codes)
[2023-04-26 08:04:49,742: INFO/MainProcess] Task accounts.tasks.remove_expired_otp_codes[6628729c-cc12-4285-b431-71c40e8fd74b] received
[2023-04-26 08:04:49,748: INFO/ForkPoolWorker-8] Task accounts.tasks.remove_expired_otp_codes[6628729c-cc12-4285-b431-71c40e8fd74b] succeeded in 0.0035963680002168985s: None
[2023-04-26 08:06:49,737: INFO/MainProcess] Scheduler: Sending due task remove expired otp (accounts.tasks.remove_expired_otp_codes)
[2023-04-26 08:06:49,738: INFO/MainProcess] Task accounts.tasks.remove_expired_otp_codes[07e7dcaa-770d-46c4-a065-39589b564e03] received
[2023-04-26 08:06:49,740: INFO/ForkPoolWorker-8] Task accounts.tasks.remove_expired_otp_codes[07e7dcaa-770d-46c4-a065-39589b564e03] succeeded in 0.001195752000057837s: None
[2023-04-26 08:08:49,739: INFO/MainProcess] Scheduler: Sending due task remove expired otp (accounts.tasks.remove_expired_otp_codes)
[2023-04-26 08:08:49,745: INFO/MainProcess] Task accounts.tasks.remove_expired_otp_codes[70e926c6-67e9-4dde-be64-4fcdaf10b360] received
[2023-04-26 08:08:49,751: INFO/ForkPoolWorker-8] Task accounts.tasks.remove_expired_otp_codes[70e926c6-67e9-4dde-be64-4fcdaf10b360] succeeded in 0.004565794999507489s: None
[2023-04-26 08:10:49,742: INFO/MainProcess] Scheduler: Sending due task remove expired otp (accounts.tasks.remove_expired_otp_codes)
[2023-04-26 08:10:49,749: INFO/MainProcess] Task accounts.tasks.remove_expired_otp_codes[c2f95328-35a5-4851-9fb3-9767765601f0] received
[2023-04-26 08:10:49,755: INFO/ForkPoolWorker-8] Task accounts.tasks.remove_expired_otp_codes[c2f95328-35a5-4851-9fb3-9767765601f0] succeeded in 0.005224749998888001s: None
[2023-04-26 08:12:49,744: INFO/MainProcess] Scheduler: Sending due task remove expired otp (accounts.tasks.remove_expired_otp_codes)
[2023-04-26 08:12:49,750: INFO/MainProcess] Task accounts.tasks.remove_expired_otp_codes[273227a7-18f9-461f-b848-b786a23dbd0f] received
[2023-04-26 08:12:49,756: INFO/ForkPoolWorker-8] Task accounts.tasks.remove_expired_otp_codes[273227a7-18f9-461f-b848-b786a23dbd0f] succeeded in 0.004998919001081958s: None
[2023-04-26 08:14:49,747: INFO/MainProcess] Scheduler: Sending due task remove expired otp (accounts.tasks.remove_expired_otp_codes)
[2023-04-26 08:14:49,753: INFO/MainProcess] Task accounts.tasks.remove_expired_otp_codes[363bd274-f389-4231-a771-f40b00c7939d] received
[2023-04-26 08:14:49,759: INFO/ForkPoolWorker-8] Task accounts.tasks.remove_expired_otp_codes[363bd274-f389-4231-a771-f40b00c7939d] succeeded in 0.0045804770015820395s: None
[2023-04-26 08:16:49,748: INFO/MainProcess] Scheduler: Sending due task remove expired otp (accounts.tasks.remove_expired_otp_codes)
[2023-04-26 08:16:49,753: INFO/MainProcess] Task accounts.tasks.remove_expired_otp_codes[12dab55f-b537-4070-8a1b-3e0bb2bad5fa] received
[2023-04-26 08:16:49,759: INFO/ForkPoolWorker-8] Task accounts.tasks.remove_expired_otp_codes[12dab55f-b537-4070-8a1b-3e0bb2bad5fa] succeeded in 0.00459372199838981s: None
[2023-04-26 08:18:49,747: INFO/MainProcess] Scheduler: Sending due task remove expired otp (accounts.tasks.remove_expired_otp_codes)
[2023-04-26 08:18:49,749: INFO/MainProcess] Task accounts.tasks.remove_expired_otp_codes[eeaaedb8-b4b5-47c9-ac4f-a5733efde49b] received
[2023-04-26 08:18:49,750: INFO/ForkPoolWorker-8] Task accounts.tasks.remove_expired_otp_codes[eeaaedb8-b4b5-47c9-ac4f-a5733efde49b] succeeded in 0.0011830790008389158s: None
[2023-04-26 08:20:49,749: INFO/MainProcess] Scheduler: Sending due task remove expired otp (accounts.tasks.remove_expired_otp_codes)
[2023-04-26 08:20:49,750: INFO/MainProcess] Task accounts.tasks.remove_expired_otp_codes[0ba64b2e-3beb-4f37-a8af-0ef3aeeb020a] received
[2023-04-26 08:20:49,752: INFO/ForkPoolWorker-8] Task accounts.tasks.remove_expired_otp_codes[0ba64b2e-3beb-4f37-a8af-0ef3aeeb020a] succeeded in 0.0011411370014684508s: None
[2023-04-26 08:22:49,750: INFO/MainProcess] Scheduler: Sending due task remove expired otp (accounts.tasks.remove_expired_otp_codes)
[2023-04-26 08:22:49,751: INFO/MainProcess] Task accounts.tasks.remove_expired_otp_codes[aee096d5-c63b-4e74-8ee1-69b323814c87] received
[2023-04-26 08:22:49,753: INFO/ForkPoolWorker-8] Task accounts.tasks.remove_expired_otp_codes[aee096d5-c63b-4e74-8ee1-69b323814c87] succeeded in 0.0013977050002722535s: None
[2023-04-26 08:24:49,750: INFO/MainProcess] Scheduler: Sending due task remove expired otp (accounts.tasks.remove_expired_otp_codes)
[2023-04-26 08:24:49,751: INFO/MainProcess] Task accounts.tasks.remove_expired_otp_codes[baac3fb0-bb38-444f-8a83-a47e9462aa9e] received
[2023-04-26 08:24:49,753: INFO/ForkPoolWorker-8] Task accounts.tasks.remove_expired_otp_codes[baac3fb0-bb38-444f-8a83-a47e9462aa9e] succeeded in 0.0011054349997721147s: None
[2023-04-26 08:26:49,751: INFO/MainProcess] Scheduler: Sending due task remove expired otp (accounts.tasks.remove_expired_otp_codes)
[2023-04-26 08:26:49,752: INFO/MainProcess] Task accounts.tasks.remove_expired_otp_codes[574021ee-369f-40a9-a4ef-391036226b28] received
[2023-04-26 08:26:49,754: INFO/ForkPoolWorker-8] Task accounts.tasks.remove_expired_otp_codes[574021ee-369f-40a9-a4ef-391036226b28] succeeded in 0.0011195820006832946s: None
[2023-04-26 08:28:49,752: INFO/MainProcess] Scheduler: Sending due task remove expired otp (accounts.tasks.remove_expired_otp_codes)
[2023-04-26 08:28:49,753: INFO/MainProcess] Task accounts.tasks.remove_expired_otp_codes[1100c3e8-0672-4934-bd6e-f993d684132d] received
[2023-04-26 08:28:49,755: INFO/ForkPoolWorker-8] Task accounts.tasks.remove_expired_otp_codes[1100c3e8-0672-4934-bd6e-f993d684132d] succeeded in 0.0011247980000916868s: None
[2023-04-26 08:30:49,753: INFO/MainProcess] Scheduler: Sending due task remove expired otp (accounts.tasks.remove_expired_otp_codes)
[2023-04-26 08:30:49,757: INFO/MainProcess] Task accounts.tasks.remove_expired_otp_codes[3cd342c7-b8b6-46da-a3f1-2c5d3847106b] received
[2023-04-26 08:30:49,762: INFO/ForkPoolWorker-8] Task accounts.tasks.remove_expired_otp_codes[3cd342c7-b8b6-46da-a3f1-2c5d3847106b] succeeded in 0.0032370259978051763s: None
[2023-04-26 08:32:49,757: INFO/MainProcess] Scheduler: Sending due task remove expired otp (accounts.tasks.remove_expired_otp_codes)
[2023-04-26 08:32:49,762: INFO/MainProcess] Task accounts.tasks.remove_expired_otp_codes[78b8cf09-50ff-4af9-8214-e59dff7d3348] received
[2023-04-26 08:32:49,768: INFO/ForkPoolWorker-8] Task accounts.tasks.remove_expired_otp_codes[78b8cf09-50ff-4af9-8214-e59dff7d3348] succeeded in 0.004588684998452663s: None
[2023-04-26 08:34:49,757: INFO/MainProcess] Scheduler: Sending due task remove expired otp (accounts.tasks.remove_expired_otp_codes)
[2023-04-26 08:34:49,759: INFO/MainProcess] Task accounts.tasks.remove_expired_otp_codes[eb90e655-73d4-4cda-8cf0-b91b49815cb6] received
[2023-04-26 08:34:49,760: INFO/ForkPoolWorker-8] Task accounts.tasks.remove_expired_otp_codes[eb90e655-73d4-4cda-8cf0-b91b49815cb6] succeeded in 0.0010608709999360144s: None
[2023-04-26 08:36:49,758: INFO/MainProcess] Scheduler: Sending due task remove expired otp (accounts.tasks.remove_expired_otp_codes)
[2023-04-26 08:36:49,759: INFO/MainProcess] Task accounts.tasks.remove_expired_otp_codes[082f98e9-caf7-4fe6-bbf1-b2c6121c016b] received
[2023-04-26 08:36:49,760: INFO/ForkPoolWorker-8] Task accounts.tasks.remove_expired_otp_codes[082f98e9-caf7-4fe6-bbf1-b2c6121c016b] succeeded in 0.0010445819971209858s: None
[2023-04-26 08:38:49,759: INFO/MainProcess] Scheduler: Sending due task remove expired otp (accounts.tasks.remove_expired_otp_codes)
[2023-04-26 08:38:49,760: INFO/MainProcess] Task accounts.tasks.remove_expired_otp_codes[13ed4ae4-7967-4445-a623-9dec90fcfaf2] received
[2023-04-26 08:38:49,762: INFO/ForkPoolWorker-8] Task accounts.tasks.remove_expired_otp_codes[13ed4ae4-7967-4445-a623-9dec90fcfaf2] succeeded in 0.0010983829997712746s: None
[2023-04-26 08:40:49,760: INFO/MainProcess] Scheduler: Sending due task remove expired otp (accounts.tasks.remove_expired_otp_codes)
[2023-04-26 08:40:49,762: INFO/MainProcess] Task accounts.tasks.remove_expired_otp_codes[4d04e454-3b64-4e6e-a93c-2f46e80d0956] received
[2023-04-26 08:40:49,763: INFO/ForkPoolWorker-8] Task accounts.tasks.remove_expired_otp_codes[4d04e454-3b64-4e6e-a93c-2f46e80d0956] succeeded in 0.0010616629988362547s: None
[2023-04-26 08:42:49,761: INFO/MainProcess] Scheduler: Sending due task remove expired otp (accounts.tasks.remove_expired_otp_codes)
[2023-04-26 08:42:49,767: INFO/MainProcess] Task accounts.tasks.remove_expired_otp_codes[392182b2-24a2-4128-8d32-68ac86c4c7c3] received
[2023-04-26 08:42:49,773: INFO/ForkPoolWorker-8] Task accounts.tasks.remove_expired_otp_codes[392182b2-24a2-4128-8d32-68ac86c4c7c3] succeeded in 0.004747732997202547s: None
[2023-04-26 08:44:49,762: INFO/MainProcess] Scheduler: Sending due task remove expired otp (accounts.tasks.remove_expired_otp_codes)
[2023-04-26 08:44:49,763: INFO/MainProcess] Task accounts.tasks.remove_expired_otp_codes[f8ae5665-50da-41a4-8dc5-c48faf3e2595] received
[2023-04-26 08:44:49,765: INFO/ForkPoolWorker-8] Task accounts.tasks.remove_expired_otp_codes[f8ae5665-50da-41a4-8dc5-c48faf3e2595] succeeded in 0.001037132999044843s: None
[2023-04-26 08:46:49,763: INFO/MainProcess] Scheduler: Sending due task remove expired otp (accounts.tasks.remove_expired_otp_codes)
[2023-04-26 08:46:49,765: INFO/MainProcess] Task accounts.tasks.remove_expired_otp_codes[3eb61881-0bb1-4c0c-9af2-9e852bab9a0d] received
[2023-04-26 08:46:49,766: INFO/ForkPoolWorker-8] Task accounts.tasks.remove_expired_otp_codes[3eb61881-0bb1-4c0c-9af2-9e852bab9a0d] succeeded in 0.0011761580026359297s: None
[2023-04-26 08:48:49,763: INFO/MainProcess] Scheduler: Sending due task remove expired otp (accounts.tasks.remove_expired_otp_codes)
[2023-04-26 08:48:49,765: INFO/MainProcess] Task accounts.tasks.remove_expired_otp_codes[3923b890-4ff9-4b0a-80d0-544bb59dfad5] received
[2023-04-26 08:48:49,766: INFO/ForkPoolWorker-8] Task accounts.tasks.remove_expired_otp_codes[3923b890-4ff9-4b0a-80d0-544bb59dfad5] succeeded in 0.0011097950009570923s: None
[2023-04-26 08:50:49,765: INFO/MainProcess] Scheduler: Sending due task remove expired otp (accounts.tasks.remove_expired_otp_codes)
[2023-04-26 08:50:49,766: INFO/MainProcess] Task accounts.tasks.remove_expired_otp_codes[d6fb758f-e91c-4ab8-82a1-02677a99ba7f] received
[2023-04-26 08:50:49,768: INFO/ForkPoolWorker-8] Task accounts.tasks.remove_expired_otp_codes[d6fb758f-e91c-4ab8-82a1-02677a99ba7f] succeeded in 0.0010656220001692418s: None
[2023-04-26 08:52:49,766: INFO/MainProcess] Scheduler: Sending due task remove expired otp (accounts.tasks.remove_expired_otp_codes)
[2023-04-26 08:52:49,767: INFO/MainProcess] Task accounts.tasks.remove_expired_otp_codes[a390bf40-e163-4cc6-a863-6a84e3a29953] received
[2023-04-26 08:52:49,769: INFO/ForkPoolWorker-8] Task accounts.tasks.remove_expired_otp_codes[a390bf40-e163-4cc6-a863-6a84e3a29953] succeeded in 0.0012015289976261556s: None
[2023-04-26 08:54:49,766: INFO/MainProcess] Scheduler: Sending due task remove expired otp (accounts.tasks.remove_expired_otp_codes)
[2023-04-26 08:54:49,768: INFO/MainProcess] Task accounts.tasks.remove_expired_otp_codes[8d2a0048-a75b-4ce5-9ba4-e5b41bcbbadc] received
[2023-04-26 08:54:49,769: INFO/ForkPoolWorker-8] Task accounts.tasks.remove_expired_otp_codes[8d2a0048-a75b-4ce5-9ba4-e5b41bcbbadc] succeeded in 0.001128149997384753s: None
[2023-04-26 08:56:49,767: INFO/MainProcess] Scheduler: Sending due task remove expired otp (accounts.tasks.remove_expired_otp_codes)
[2023-04-26 08:56:49,769: INFO/MainProcess] Task accounts.tasks.remove_expired_otp_codes[b3e31bc7-e2c2-461e-b0cc-e0c6166ec1d5] received
[2023-04-26 08:56:49,770: INFO/ForkPoolWorker-8] Task accounts.tasks.remove_expired_otp_codes[b3e31bc7-e2c2-461e-b0cc-e0c6166ec1d5] succeeded in 0.0010439639991091099s: None
[2023-04-26 08:58:49,768: INFO/MainProcess] Scheduler: Sending due task remove expired otp (accounts.tasks.remove_expired_otp_codes)
[2023-04-26 08:58:49,770: INFO/MainProcess] Task accounts.tasks.remove_expired_otp_codes[f21b0cd1-253d-4593-8a27-2d1045258eed] received
[2023-04-26 08:58:49,771: INFO/ForkPoolWorker-8] Task accounts.tasks.remove_expired_otp_codes[f21b0cd1-253d-4593-8a27-2d1045258eed] succeeded in 0.0010625229988363571s: None
[2023-04-26 09:00:49,769: INFO/MainProcess] Scheduler: Sending due task remove expired otp (accounts.tasks.remove_expired_otp_codes)
[2023-04-26 09:00:49,770: INFO/MainProcess] Task accounts.tasks.remove_expired_otp_codes[0c412e7b-e4f2-414c-aec9-54da0e950dac] received
[2023-04-26 09:00:49,772: INFO/ForkPoolWorker-8] Task accounts.tasks.remove_expired_otp_codes[0c412e7b-e4f2-414c-aec9-54da0e950dac] succeeded in 0.0010778590003610589s: None
[2023-04-26 09:02:49,769: INFO/MainProcess] Scheduler: Sending due task remove expired otp (accounts.tasks.remove_expired_otp_codes)
[2023-04-26 09:02:49,771: INFO/MainProcess] Task accounts.tasks.remove_expired_otp_codes[714f8b0d-4dcc-4a36-bdea-cdc38238416d] received
[2023-04-26 09:02:49,773: INFO/ForkPoolWorker-8] Task accounts.tasks.remove_expired_otp_codes[714f8b0d-4dcc-4a36-bdea-cdc38238416d] succeeded in 0.0011912029985978734s: None
[2023-04-26 09:04:49,771: INFO/MainProcess] Scheduler: Sending due task remove expired otp (accounts.tasks.remove_expired_otp_codes)
[2023-04-26 09:04:49,772: INFO/MainProcess] Task accounts.tasks.remove_expired_otp_codes[302b317b-4c1a-4ece-ad5f-c5a8a887e1b4] received
[2023-04-26 09:04:49,774: INFO/ForkPoolWorker-8] Task accounts.tasks.remove_expired_otp_codes[302b317b-4c1a-4ece-ad5f-c5a8a887e1b4] succeeded in 0.0011562590007088147s: None
[2023-04-26 09:06:49,772: INFO/MainProcess] Scheduler: Sending due task remove expired otp (accounts.tasks.remove_expired_otp_codes)
[2023-04-26 09:06:49,775: INFO/MainProcess] Task accounts.tasks.remove_expired_otp_codes[0fa5ef61-018a-48e2-a384-d2e608383471] received
[2023-04-26 09:06:49,777: INFO/ForkPoolWorker-8] Task accounts.tasks.remove_expired_otp_codes[0fa5ef61-018a-48e2-a384-d2e608383471] succeeded in 0.0018830399967555422s: None
[2023-04-26 09:08:49,772: INFO/MainProcess] Scheduler: Sending due task remove expired otp (accounts.tasks.remove_expired_otp_codes)
[2023-04-26 09:08:49,774: INFO/MainProcess] Task accounts.tasks.remove_expired_otp_codes[4e259045-67fe-4248-9265-ef5f8f9eab89] received
[2023-04-26 09:08:49,775: INFO/ForkPoolWorker-8] Task accounts.tasks.remove_expired_otp_codes[4e259045-67fe-4248-9265-ef5f8f9eab89] succeeded in 0.0010363129986217245s: None
[2023-04-26 09:10:49,775: INFO/MainProcess] Scheduler: Sending due task remove expired otp (accounts.tasks.remove_expired_otp_codes)
[2023-04-26 09:10:49,780: INFO/MainProcess] Task accounts.tasks.remove_expired_otp_codes[48c4709f-7eee-4bae-a23e-3b3ce9578409] received
[2023-04-26 09:10:49,787: INFO/ForkPoolWorker-8] Task accounts.tasks.remove_expired_otp_codes[48c4709f-7eee-4bae-a23e-3b3ce9578409] succeeded in 0.004623281998647144s: None
[2023-04-26 09:12:49,778: INFO/MainProcess] Scheduler: Sending due task remove expired otp (accounts.tasks.remove_expired_otp_codes)
[2023-04-26 09:12:49,782: INFO/MainProcess] Task accounts.tasks.remove_expired_otp_codes[4bab3c79-6dc6-4590-af63-4f76eb84f658] received
[2023-04-26 09:12:49,788: INFO/ForkPoolWorker-8] Task accounts.tasks.remove_expired_otp_codes[4bab3c79-6dc6-4590-af63-4f76eb84f658] succeeded in 0.004284105001715943s: None
[2023-04-26 09:14:49,778: INFO/MainProcess] Scheduler: Sending due task remove expired otp (accounts.tasks.remove_expired_otp_codes)
[2023-04-26 09:14:49,779: INFO/MainProcess] Task accounts.tasks.remove_expired_otp_codes[c41f40f9-fe9e-4949-a709-4eacf7b62052] received
[2023-04-26 09:14:49,781: INFO/ForkPoolWorker-8] Task accounts.tasks.remove_expired_otp_codes[c41f40f9-fe9e-4949-a709-4eacf7b62052] succeeded in 0.001049058002536185s: None
[2023-04-26 09:16:49,778: INFO/MainProcess] Scheduler: Sending due task remove expired otp (accounts.tasks.remove_expired_otp_codes)
[2023-04-26 09:16:49,780: INFO/MainProcess] Task accounts.tasks.remove_expired_otp_codes[4d6e44ad-8b5c-491f-b565-df4c5c907ce0] received
[2023-04-26 09:16:49,781: INFO/ForkPoolWorker-8] Task accounts.tasks.remove_expired_otp_codes[4d6e44ad-8b5c-491f-b565-df4c5c907ce0] succeeded in 0.0011061199984396808s: None
[2023-04-26 09:18:49,778: INFO/MainProcess] Scheduler: Sending due task remove expired otp (accounts.tasks.remove_expired_otp_codes)
[2023-04-26 09:18:49,780: INFO/MainProcess] Task accounts.tasks.remove_expired_otp_codes[0902186a-539c-4ac0-b903-228a7d1f61cf] received
[2023-04-26 09:18:49,782: INFO/ForkPoolWorker-8] Task accounts.tasks.remove_expired_otp_codes[0902186a-539c-4ac0-b903-228a7d1f61cf] succeeded in 0.0011039800010621548s: None
[2023-04-26 09:20:49,781: INFO/MainProcess] Scheduler: Sending due task remove expired otp (accounts.tasks.remove_expired_otp_codes)
[2023-04-26 09:20:49,787: INFO/MainProcess] Task accounts.tasks.remove_expired_otp_codes[b724987a-a18b-4703-aa15-0e4b271a8488] received
[2023-04-26 09:20:49,793: INFO/ForkPoolWorker-8] Task accounts.tasks.remove_expired_otp_codes[b724987a-a18b-4703-aa15-0e4b271a8488] succeeded in 0.004526516000623815s: None
[2023-04-26 09:22:49,782: INFO/MainProcess] Scheduler: Sending due task remove expired otp (accounts.tasks.remove_expired_otp_codes)
[2023-04-26 09:22:49,783: INFO/MainProcess] Task accounts.tasks.remove_expired_otp_codes[72163341-ec9d-4150-90ec-8a2f2e1b005e] received
[2023-04-26 09:22:49,785: INFO/ForkPoolWorker-8] Task accounts.tasks.remove_expired_otp_codes[72163341-ec9d-4150-90ec-8a2f2e1b005e] succeeded in 0.001149499999883119s: None
[2023-04-26 09:24:49,782: INFO/MainProcess] Scheduler: Sending due task remove expired otp (accounts.tasks.remove_expired_otp_codes)
[2023-04-26 09:24:49,784: INFO/MainProcess] Task accounts.tasks.remove_expired_otp_codes[18a316c4-b8e3-4451-b778-78b816cd4180] received
[2023-04-26 09:24:49,785: INFO/ForkPoolWorker-8] Task accounts.tasks.remove_expired_otp_codes[18a316c4-b8e3-4451-b778-78b816cd4180] succeeded in 0.0011216139973839745s: None
[2023-04-26 09:26:49,785: INFO/MainProcess] Scheduler: Sending due task remove expired otp (accounts.tasks.remove_expired_otp_codes)
[2023-04-26 09:26:49,791: INFO/MainProcess] Task accounts.tasks.remove_expired_otp_codes[74c73da2-0e28-409e-b967-d9be5c0b55c0] received
[2023-04-26 09:26:49,797: INFO/ForkPoolWorker-8] Task accounts.tasks.remove_expired_otp_codes[74c73da2-0e28-409e-b967-d9be5c0b55c0] succeeded in 0.004645236000214936s: None
[2023-04-26 09:28:49,786: INFO/MainProcess] Scheduler: Sending due task remove expired otp (accounts.tasks.remove_expired_otp_codes)
[2023-04-26 09:28:49,792: INFO/MainProcess] Task accounts.tasks.remove_expired_otp_codes[3a794f9e-3688-4c1f-b19f-6b23c86b24d5] received
[2023-04-26 09:28:49,798: INFO/ForkPoolWorker-8] Task accounts.tasks.remove_expired_otp_codes[3a794f9e-3688-4c1f-b19f-6b23c86b24d5] succeeded in 0.004571378001855919s: None
[2023-04-26 09:30:49,788: INFO/MainProcess] Scheduler: Sending due task remove expired otp (accounts.tasks.remove_expired_otp_codes)
[2023-04-26 09:30:49,793: INFO/MainProcess] Task accounts.tasks.remove_expired_otp_codes[c3854ede-cec5-45bb-971c-f47ca8c27543] received
[2023-04-26 09:30:49,800: INFO/ForkPoolWorker-8] Task accounts.tasks.remove_expired_otp_codes[c3854ede-cec5-45bb-971c-f47ca8c27543] succeeded in 0.005713141999876825s: None
[2023-04-26 09:32:49,789: INFO/MainProcess] Scheduler: Sending due task remove expired otp (accounts.tasks.remove_expired_otp_codes)
[2023-04-26 09:32:49,791: INFO/MainProcess] Task accounts.tasks.remove_expired_otp_codes[cc2fe698-b39d-42ca-9e82-f7124179b944] received
[2023-04-26 09:32:49,794: INFO/ForkPoolWorker-8] Task accounts.tasks.remove_expired_otp_codes[cc2fe698-b39d-42ca-9e82-f7124179b944] succeeded in 0.0019059480000578333s: None
[2023-04-26 09:34:49,789: INFO/MainProcess] Scheduler: Sending due task remove expired otp (accounts.tasks.remove_expired_otp_codes)
[2023-04-26 09:34:49,791: INFO/MainProcess] Task accounts.tasks.remove_expired_otp_codes[bab11415-c04d-4441-aab8-e9ead833c869] received
[2023-04-26 09:34:49,793: INFO/ForkPoolWorker-8] Task accounts.tasks.remove_expired_otp_codes[bab11415-c04d-4441-aab8-e9ead833c869] succeeded in 0.0015437100009876303s: None
[2023-04-26 09:36:49,793: INFO/MainProcess] Scheduler: Sending due task remove expired otp (accounts.tasks.remove_expired_otp_codes)
[2023-04-26 09:36:49,798: INFO/MainProcess] Task accounts.tasks.remove_expired_otp_codes[b6fb5ced-cd8e-4ba3-8477-b0ccbf2d8dcf] received
[2023-04-26 09:36:49,804: INFO/ForkPoolWorker-8] Task accounts.tasks.remove_expired_otp_codes[b6fb5ced-cd8e-4ba3-8477-b0ccbf2d8dcf] succeeded in 0.0044678810008917935s: None
[2023-04-26 09:38:49,793: INFO/MainProcess] Scheduler: Sending due task remove expired otp (accounts.tasks.remove_expired_otp_codes)
[2023-04-26 09:38:49,794: INFO/MainProcess] Task accounts.tasks.remove_expired_otp_codes[fd8b1b0e-acce-40c5-a579-75f78e776a70] received
[2023-04-26 09:38:49,796: INFO/ForkPoolWorker-8] Task accounts.tasks.remove_expired_otp_codes[fd8b1b0e-acce-40c5-a579-75f78e776a70] succeeded in 0.00108959700082778s: None
[2023-04-26 09:40:49,794: INFO/MainProcess] Scheduler: Sending due task remove expired otp (accounts.tasks.remove_expired_otp_codes)
[2023-04-26 09:40:49,798: INFO/MainProcess] Task accounts.tasks.remove_expired_otp_codes[596fa2e3-8895-49ca-8616-c472fe565bf6] received
[2023-04-26 09:40:49,803: INFO/ForkPoolWorker-8] Task accounts.tasks.remove_expired_otp_codes[596fa2e3-8895-49ca-8616-c472fe565bf6] succeeded in 0.0035390349985391367s: None
[2023-04-26 09:42:49,797: INFO/MainProcess] Scheduler: Sending due task remove expired otp (accounts.tasks.remove_expired_otp_codes)
[2023-04-26 09:42:49,802: INFO/MainProcess] Task accounts.tasks.remove_expired_otp_codes[41e4b369-c228-4020-9e14-f768d074df92] received
[2023-04-26 09:42:49,808: INFO/ForkPoolWorker-8] Task accounts.tasks.remove_expired_otp_codes[41e4b369-c228-4020-9e14-f768d074df92] succeeded in 0.004483652002818417s: None
[2023-04-26 09:44:49,798: INFO/MainProcess] Scheduler: Sending due task remove expired otp (accounts.tasks.remove_expired_otp_codes)
[2023-04-26 09:44:49,803: INFO/MainProcess] Task accounts.tasks.remove_expired_otp_codes[39186b61-4421-4d39-9506-a979b961eb4a] received
[2023-04-26 09:44:49,810: INFO/ForkPoolWorker-8] Task accounts.tasks.remove_expired_otp_codes[39186b61-4421-4d39-9506-a979b961eb4a] succeeded in 0.004502363997744396s: None
[2023-04-26 09:46:49,801: INFO/MainProcess] Scheduler: Sending due task remove expired otp (accounts.tasks.remove_expired_otp_codes)
[2023-04-26 09:46:49,806: INFO/MainProcess] Task accounts.tasks.remove_expired_otp_codes[fa0adb97-cb6c-4c53-a7b5-a2b7b1d7ae22] received
[2023-04-26 09:46:49,812: INFO/ForkPoolWorker-8] Task accounts.tasks.remove_expired_otp_codes[fa0adb97-cb6c-4c53-a7b5-a2b7b1d7ae22] succeeded in 0.0045034950016997755s: None
[2023-04-26 09:48:49,801: INFO/MainProcess] Scheduler: Sending due task remove expired otp (accounts.tasks.remove_expired_otp_codes)
[2023-04-26 09:48:49,803: INFO/MainProcess] Task accounts.tasks.remove_expired_otp_codes[6bff2b88-61d7-4142-b898-39a528e49ab3] received
[2023-04-26 09:48:49,806: INFO/ForkPoolWorker-8] Task accounts.tasks.remove_expired_otp_codes[6bff2b88-61d7-4142-b898-39a528e49ab3] succeeded in 0.0021644970001943875s: None
[2023-04-26 09:50:49,802: INFO/MainProcess] Scheduler: Sending due task remove expired otp (accounts.tasks.remove_expired_otp_codes)
[2023-04-26 09:50:49,804: INFO/MainProcess] Task accounts.tasks.remove_expired_otp_codes[580eba7a-13b3-411e-8f66-14b40793fc19] received
[2023-04-26 09:50:49,805: INFO/ForkPoolWorker-8] Task accounts.tasks.remove_expired_otp_codes[580eba7a-13b3-411e-8f66-14b40793fc19] succeeded in 0.0011812670018116478s: None
[2023-04-26 09:52:49,803: INFO/MainProcess] Scheduler: Sending due task remove expired otp (accounts.tasks.remove_expired_otp_codes)
[2023-04-26 09:52:49,805: INFO/MainProcess] Task accounts.tasks.remove_expired_otp_codes[3d15bab8-0c13-41bf-85c9-2a4ab52590e9] received
[2023-04-26 09:52:49,806: INFO/ForkPoolWorker-8] Task accounts.tasks.remove_expired_otp_codes[3d15bab8-0c13-41bf-85c9-2a4ab52590e9] succeeded in 0.0010595629973977339s: None
[2023-04-26 09:54:49,806: INFO/MainProcess] Scheduler: Sending due task remove expired otp (accounts.tasks.remove_expired_otp_codes)
[2023-04-26 09:54:49,813: INFO/MainProcess] Task accounts.tasks.remove_expired_otp_codes[e2c1fe7c-27b1-4ba5-a85a-7f23777adb56] received
[2023-04-26 09:54:49,821: INFO/ForkPoolWorker-8] Task accounts.tasks.remove_expired_otp_codes[e2c1fe7c-27b1-4ba5-a85a-7f23777adb56] succeeded in 0.005718286000046646s: None
[2023-04-26 09:56:49,807: INFO/MainProcess] Scheduler: Sending due task remove expired otp (accounts.tasks.remove_expired_otp_codes)
[2023-04-26 09:56:49,809: INFO/MainProcess] Task accounts.tasks.remove_expired_otp_codes[ab34a080-cf06-4084-94db-326365abfda9] received
[2023-04-26 09:56:49,810: INFO/ForkPoolWorker-8] Task accounts.tasks.remove_expired_otp_codes[ab34a080-cf06-4084-94db-326365abfda9] succeeded in 0.0011198050015082117s: None
[2023-04-26 09:58:49,810: INFO/MainProcess] Scheduler: Sending due task remove expired otp (accounts.tasks.remove_expired_otp_codes)
[2023-04-26 09:58:49,815: INFO/MainProcess] Task accounts.tasks.remove_expired_otp_codes[3f9d9798-8a17-4ce5-8197-5ccc9b323d43] received
[2023-04-26 09:58:49,821: INFO/ForkPoolWorker-8] Task accounts.tasks.remove_expired_otp_codes[3f9d9798-8a17-4ce5-8197-5ccc9b323d43] succeeded in 0.004630677001841832s: None
[2023-04-26 10:00:49,811: INFO/MainProcess] Scheduler: Sending due task remove expired otp (accounts.tasks.remove_expired_otp_codes)
[2023-04-26 10:00:49,812: INFO/MainProcess] Task accounts.tasks.remove_expired_otp_codes[814adfab-a0b0-427b-8694-956791ecc322] received
[2023-04-26 10:00:49,814: INFO/ForkPoolWorker-8] Task accounts.tasks.remove_expired_otp_codes[814adfab-a0b0-427b-8694-956791ecc322] succeeded in 0.0011251950018049683s: None
[2023-04-26 10:02:49,811: INFO/MainProcess] Scheduler: Sending due task remove expired otp (accounts.tasks.remove_expired_otp_codes)
[2023-04-26 10:02:49,813: INFO/MainProcess] Task accounts.tasks.remove_expired_otp_codes[23154db9-6d6e-42e1-b2ea-199b5e35bc02] received
[2023-04-26 10:02:49,814: INFO/ForkPoolWorker-8] Task accounts.tasks.remove_expired_otp_codes[23154db9-6d6e-42e1-b2ea-199b5e35bc02] succeeded in 0.0011841550003737211s: None
[2023-04-26 10:04:49,812: INFO/MainProcess] Scheduler: Sending due task remove expired otp (accounts.tasks.remove_expired_otp_codes)
[2023-04-26 10:04:49,813: INFO/MainProcess] Task accounts.tasks.remove_expired_otp_codes[c5712032-83f0-4838-974c-42ff9dbf43b1] received
[2023-04-26 10:04:49,815: INFO/ForkPoolWorker-8] Task accounts.tasks.remove_expired_otp_codes[c5712032-83f0-4838-974c-42ff9dbf43b1] succeeded in 0.001081321999663487s: None
[2023-04-26 10:06:49,813: INFO/MainProcess] Scheduler: Sending due task remove expired otp (accounts.tasks.remove_expired_otp_codes)
[2023-04-26 10:06:49,814: INFO/MainProcess] Task accounts.tasks.remove_expired_otp_codes[2ea56e91-fecf-4712-9a97-e21ca6eaf26f] received
[2023-04-26 10:06:49,816: INFO/ForkPoolWorker-8] Task accounts.tasks.remove_expired_otp_codes[2ea56e91-fecf-4712-9a97-e21ca6eaf26f] succeeded in 0.0010832110019691754s: None
[2023-04-26 10:08:49,814: INFO/MainProcess] Scheduler: Sending due task remove expired otp (accounts.tasks.remove_expired_otp_codes)
[2023-04-26 10:08:49,816: INFO/MainProcess] Task accounts.tasks.remove_expired_otp_codes[b138f7ad-3466-4e0d-b7bd-59dbb64c7e30] received
[2023-04-26 10:08:49,817: INFO/ForkPoolWorker-8] Task accounts.tasks.remove_expired_otp_codes[b138f7ad-3466-4e0d-b7bd-59dbb64c7e30] succeeded in 0.0012315809981373604s: None
[2023-04-26 10:10:49,817: INFO/MainProcess] Scheduler: Sending due task remove expired otp (accounts.tasks.remove_expired_otp_codes)
[2023-04-26 10:10:49,823: INFO/MainProcess] Task accounts.tasks.remove_expired_otp_codes[b2d92fb7-7b49-40ca-b680-ae4e07eb022f] received
[2023-04-26 10:10:49,829: INFO/ForkPoolWorker-8] Task accounts.tasks.remove_expired_otp_codes[b2d92fb7-7b49-40ca-b680-ae4e07eb022f] succeeded in 0.0046033979997446295s: None
[2023-04-26 10:12:49,818: INFO/MainProcess] Scheduler: Sending due task remove expired otp (accounts.tasks.remove_expired_otp_codes)
[2023-04-26 10:12:49,820: INFO/MainProcess] Task accounts.tasks.remove_expired_otp_codes[cb8bf86f-ca15-479c-99b2-b288c7b86407] received
[2023-04-26 10:12:49,821: INFO/ForkPoolWorker-8] Task accounts.tasks.remove_expired_otp_codes[cb8bf86f-ca15-479c-99b2-b288c7b86407] succeeded in 0.0011231079988647252s: None
[2023-04-26 10:14:49,819: INFO/MainProcess] Scheduler: Sending due task remove expired otp (accounts.tasks.remove_expired_otp_codes)
[2023-04-26 10:14:49,821: INFO/MainProcess] Task accounts.tasks.remove_expired_otp_codes[5b8a0358-51df-4120-8d3b-a4c9740bccf5] received
[2023-04-26 10:14:49,822: INFO/ForkPoolWorker-8] Task accounts.tasks.remove_expired_otp_codes[5b8a0358-51df-4120-8d3b-a4c9740bccf5] succeeded in 0.0011378249982954003s: None
[2023-04-26 10:16:49,821: INFO/MainProcess] Scheduler: Sending due task remove expired otp (accounts.tasks.remove_expired_otp_codes)
[2023-04-26 10:16:49,822: INFO/MainProcess] Task accounts.tasks.remove_expired_otp_codes[d802fc84-68c1-4bc8-b071-5ae0743e3e19] received
[2023-04-26 10:16:49,824: INFO/ForkPoolWorker-8] Task accounts.tasks.remove_expired_otp_codes[d802fc84-68c1-4bc8-b071-5ae0743e3e19] succeeded in 0.001097869000659557s: None
[2023-04-26 10:18:49,821: INFO/MainProcess] Scheduler: Sending due task remove expired otp (accounts.tasks.remove_expired_otp_codes)
[2023-04-26 10:18:49,827: INFO/MainProcess] Task accounts.tasks.remove_expired_otp_codes[9a346c9c-3a7b-4637-a2a2-e2ad8d90c7d3] received
[2023-04-26 10:18:49,833: INFO/ForkPoolWorker-8] Task accounts.tasks.remove_expired_otp_codes[9a346c9c-3a7b-4637-a2a2-e2ad8d90c7d3] succeeded in 0.004545529998722486s: None
[2023-04-26 10:20:49,823: INFO/MainProcess] Scheduler: Sending due task remove expired otp (accounts.tasks.remove_expired_otp_codes)
[2023-04-26 10:20:49,824: INFO/MainProcess] Task accounts.tasks.remove_expired_otp_codes[3a89d227-8f38-4cd2-afa9-07ddd34f63ff] received
[2023-04-26 10:20:49,826: INFO/ForkPoolWorker-8] Task accounts.tasks.remove_expired_otp_codes[3a89d227-8f38-4cd2-afa9-07ddd34f63ff] succeeded in 0.0012497940006142017s: None
[2023-04-26 10:22:49,824: INFO/MainProcess] Scheduler: Sending due task remove expired otp (accounts.tasks.remove_expired_otp_codes)
[2023-04-26 10:22:49,825: INFO/MainProcess] Task accounts.tasks.remove_expired_otp_codes[fa1c0c21-fe3c-4120-8cf6-00eab0e61442] received
[2023-04-26 10:22:49,827: INFO/ForkPoolWorker-8] Task accounts.tasks.remove_expired_otp_codes[fa1c0c21-fe3c-4120-8cf6-00eab0e61442] succeeded in 0.0010626149996824097s: None
[2023-04-26 10:24:49,825: INFO/MainProcess] Scheduler: Sending due task remove expired otp (accounts.tasks.remove_expired_otp_codes)
[2023-04-26 10:24:49,831: INFO/MainProcess] Task accounts.tasks.remove_expired_otp_codes[c8ec914f-8e92-49db-9afb-52d220c0727f] received
[2023-04-26 10:24:49,837: INFO/ForkPoolWorker-8] Task accounts.tasks.remove_expired_otp_codes[c8ec914f-8e92-49db-9afb-52d220c0727f] succeeded in 0.005080764000013005s: None
[2023-04-26 10:26:49,827: INFO/MainProcess] Scheduler: Sending due task remove expired otp (accounts.tasks.remove_expired_otp_codes)
[2023-04-26 10:26:49,828: INFO/MainProcess] Task accounts.tasks.remove_expired_otp_codes[c8300d5e-a6df-4602-8523-cd296ceb3cb9] received
[2023-04-26 10:26:49,830: INFO/ForkPoolWorker-8] Task accounts.tasks.remove_expired_otp_codes[c8300d5e-a6df-4602-8523-cd296ceb3cb9] succeeded in 0.0012431980030669365s: None
[2023-04-26 10:28:49,827: INFO/MainProcess] Scheduler: Sending due task remove expired otp (accounts.tasks.remove_expired_otp_codes)
[2023-04-26 10:28:49,829: INFO/MainProcess] Task accounts.tasks.remove_expired_otp_codes[8a80ab7d-f1fb-498c-badf-80d09475fb34] received
[2023-04-26 10:28:49,830: INFO/ForkPoolWorker-8] Task accounts.tasks.remove_expired_otp_codes[8a80ab7d-f1fb-498c-badf-80d09475fb34] succeeded in 0.0011274030002823565s: None
[2023-04-26 10:30:49,830: INFO/MainProcess] Scheduler: Sending due task remove expired otp (accounts.tasks.remove_expired_otp_codes)
[2023-04-26 10:30:49,835: INFO/MainProcess] Task accounts.tasks.remove_expired_otp_codes[04f80cda-0243-4a45-bfb7-edbc2db706c4] received
[2023-04-26 10:30:49,841: INFO/ForkPoolWorker-8] Task accounts.tasks.remove_expired_otp_codes[04f80cda-0243-4a45-bfb7-edbc2db706c4] succeeded in 0.004737925999506842s: None
[2023-04-26 10:32:49,833: INFO/MainProcess] Scheduler: Sending due task remove expired otp (accounts.tasks.remove_expired_otp_codes)
[2023-04-26 10:32:49,838: INFO/MainProcess] Task accounts.tasks.remove_expired_otp_codes[802a812b-fc72-43f7-bb16-e5dee5370534] received
[2023-04-26 10:32:49,844: INFO/ForkPoolWorker-8] Task accounts.tasks.remove_expired_otp_codes[802a812b-fc72-43f7-bb16-e5dee5370534] succeeded in 0.004754012003104435s: None
[2023-04-26 10:34:49,833: INFO/MainProcess] Scheduler: Sending due task remove expired otp (accounts.tasks.remove_expired_otp_codes)
[2023-04-26 10:34:49,834: INFO/MainProcess] Task accounts.tasks.remove_expired_otp_codes[66ac4a1f-eb31-49a8-b50d-e680c61c3a79] received
[2023-04-26 10:34:49,836: INFO/ForkPoolWorker-8] Task accounts.tasks.remove_expired_otp_codes[66ac4a1f-eb31-49a8-b50d-e680c61c3a79] succeeded in 0.0010667529968486633s: None
[2023-04-26 10:36:49,834: INFO/MainProcess] Scheduler: Sending due task remove expired otp (accounts.tasks.remove_expired_otp_codes)
[2023-04-26 10:36:49,840: INFO/MainProcess] Task accounts.tasks.remove_expired_otp_codes[b3de433a-2c8f-418a-a102-6d3e1a8e5d30] received
[2023-04-26 10:36:49,847: INFO/ForkPoolWorker-8] Task accounts.tasks.remove_expired_otp_codes[b3de433a-2c8f-418a-a102-6d3e1a8e5d30] succeeded in 0.004748542000015732s: None
[2023-04-26 10:38:49,834: INFO/MainProcess] Scheduler: Sending due task remove expired otp (accounts.tasks.remove_expired_otp_codes)
[2023-04-26 10:38:49,836: INFO/MainProcess] Task accounts.tasks.remove_expired_otp_codes[bc2c775c-21bf-4a6e-8a2b-02bfad4fb090] received
[2023-04-26 10:38:49,837: INFO/ForkPoolWorker-8] Task accounts.tasks.remove_expired_otp_codes[bc2c775c-21bf-4a6e-8a2b-02bfad4fb090] succeeded in 0.0012517420000222046s: None
[2023-04-26 10:40:49,838: INFO/MainProcess] Scheduler: Sending due task remove expired otp (accounts.tasks.remove_expired_otp_codes)
[2023-04-26 10:40:49,843: INFO/MainProcess] Task accounts.tasks.remove_expired_otp_codes[d63131d8-9217-4059-842d-e5b6f65e3b52] received
[2023-04-26 10:40:49,848: INFO/ForkPoolWorker-8] Task accounts.tasks.remove_expired_otp_codes[d63131d8-9217-4059-842d-e5b6f65e3b52] succeeded in 0.003605598001740873s: None
[2023-04-26 10:42:49,841: INFO/MainProcess] Scheduler: Sending due task remove expired otp (accounts.tasks.remove_expired_otp_codes)
[2023-04-26 10:42:49,847: INFO/MainProcess] Task accounts.tasks.remove_expired_otp_codes[f7fa853a-813d-4492-9909-45118b9e7346] received
[2023-04-26 10:42:49,853: INFO/ForkPoolWorker-8] Task accounts.tasks.remove_expired_otp_codes[f7fa853a-813d-4492-9909-45118b9e7346] succeeded in 0.0052019670001755s: None
[2023-04-26 10:44:49,843: INFO/MainProcess] Scheduler: Sending due task remove expired otp (accounts.tasks.remove_expired_otp_codes)
[2023-04-26 10:44:49,849: INFO/MainProcess] Task accounts.tasks.remove_expired_otp_codes[11263064-8982-4a3c-ae43-2bf01e4b6412] received
[2023-04-26 10:44:49,853: INFO/ForkPoolWorker-8] Task accounts.tasks.remove_expired_otp_codes[11263064-8982-4a3c-ae43-2bf01e4b6412] succeeded in 0.0035563979981816374s: None
[2023-04-26 10:46:49,845: INFO/MainProcess] Scheduler: Sending due task remove expired otp (accounts.tasks.remove_expired_otp_codes)
[2023-04-26 10:46:49,846: INFO/MainProcess] Task accounts.tasks.remove_expired_otp_codes[bd14b084-ee31-4189-bbea-85401b676d33] received
[2023-04-26 10:46:49,848: INFO/ForkPoolWorker-8] Task accounts.tasks.remove_expired_otp_codes[bd14b084-ee31-4189-bbea-85401b676d33] succeeded in 0.0010254389999317937s: None
[2023-04-26 10:48:49,845: INFO/MainProcess] Scheduler: Sending due task remove expired otp (accounts.tasks.remove_expired_otp_codes)
[2023-04-26 10:48:49,847: INFO/MainProcess] Task accounts.tasks.remove_expired_otp_codes[341d3e14-a5f9-478f-b03e-bd31d6fe3fda] received
[2023-04-26 10:48:49,850: INFO/ForkPoolWorker-8] Task accounts.tasks.remove_expired_otp_codes[341d3e14-a5f9-478f-b03e-bd31d6fe3fda] succeeded in 0.0020180339997750707s: None
[2023-04-26 10:50:49,846: INFO/MainProcess] Scheduler: Sending due task remove expired otp (accounts.tasks.remove_expired_otp_codes)
[2023-04-26 10:50:49,847: INFO/MainProcess] Task accounts.tasks.remove_expired_otp_codes[af1faa28-8149-41d3-b1b9-c1bbcc784798] received
[2023-04-26 10:50:49,849: INFO/ForkPoolWorker-8] Task accounts.tasks.remove_expired_otp_codes[af1faa28-8149-41d3-b1b9-c1bbcc784798] succeeded in 0.0010856070002773777s: None
[2023-04-26 10:52:49,847: INFO/MainProcess] Scheduler: Sending due task remove expired otp (accounts.tasks.remove_expired_otp_codes)
[2023-04-26 10:52:49,849: INFO/MainProcess] Task accounts.tasks.remove_expired_otp_codes[f70c63ed-d702-46e4-a0f8-11071ee29d4d] received
[2023-04-26 10:52:49,850: INFO/ForkPoolWorker-8] Task accounts.tasks.remove_expired_otp_codes[f70c63ed-d702-46e4-a0f8-11071ee29d4d] succeeded in 0.001237044001754839s: None
[2023-04-26 10:54:49,849: INFO/MainProcess] Scheduler: Sending due task remove expired otp (accounts.tasks.remove_expired_otp_codes)
[2023-04-26 10:54:49,855: INFO/MainProcess] Task accounts.tasks.remove_expired_otp_codes[585d3664-f71b-493c-9d14-ea59136608f4] received
[2023-04-26 10:54:49,861: INFO/ForkPoolWorker-8] Task accounts.tasks.remove_expired_otp_codes[585d3664-f71b-493c-9d14-ea59136608f4] succeeded in 0.004881271001067944s: None
[2023-04-26 10:56:49,853: INFO/MainProcess] Scheduler: Sending due task remove expired otp (accounts.tasks.remove_expired_otp_codes)
[2023-04-26 10:56:49,858: INFO/MainProcess] Task accounts.tasks.remove_expired_otp_codes[d859f7a7-00fd-4c8d-aceb-8f811e696795] received
[2023-04-26 10:56:49,864: INFO/ForkPoolWorker-8] Task accounts.tasks.remove_expired_otp_codes[d859f7a7-00fd-4c8d-aceb-8f811e696795] succeeded in 0.0044733310023730155s: None
[2023-04-26 10:58:49,854: INFO/MainProcess] Scheduler: Sending due task remove expired otp (accounts.tasks.remove_expired_otp_codes)
[2023-04-26 10:58:49,855: INFO/MainProcess] Task accounts.tasks.remove_expired_otp_codes[be25532e-20b0-408c-9958-6cc3a76d149c] received
[2023-04-26 10:58:49,857: INFO/ForkPoolWorker-8] Task accounts.tasks.remove_expired_otp_codes[be25532e-20b0-408c-9958-6cc3a76d149c] succeeded in 0.0010650219992385246s: None
[2023-04-26 11:00:49,855: INFO/MainProcess] Scheduler: Sending due task remove expired otp (accounts.tasks.remove_expired_otp_codes)
[2023-04-26 11:00:49,857: INFO/MainProcess] Task accounts.tasks.remove_expired_otp_codes[c11efce5-da80-41d5-9f0e-b43cdf5738a1] received
[2023-04-26 11:00:49,858: INFO/ForkPoolWorker-8] Task accounts.tasks.remove_expired_otp_codes[c11efce5-da80-41d5-9f0e-b43cdf5738a1] succeeded in 0.0011291810005786829s: None
[2023-04-26 11:02:49,857: INFO/MainProcess] Scheduler: Sending due task remove expired otp (accounts.tasks.remove_expired_otp_codes)
[2023-04-26 11:02:49,860: INFO/MainProcess] Task accounts.tasks.remove_expired_otp_codes[0f513c3a-e5d5-477a-b9ba-b7c7f30d6aa3] received
[2023-04-26 11:02:49,865: INFO/ForkPoolWorker-8] Task accounts.tasks.remove_expired_otp_codes[0f513c3a-e5d5-477a-b9ba-b7c7f30d6aa3] succeeded in 0.003204238000762416s: None
[2023-04-26 11:04:49,857: INFO/MainProcess] Scheduler: Sending due task remove expired otp (accounts.tasks.remove_expired_otp_codes)
[2023-04-26 11:04:49,859: INFO/MainProcess] Task accounts.tasks.remove_expired_otp_codes[97fc9849-9082-45ec-af8a-9db299226137] received
[2023-04-26 11:04:49,860: INFO/ForkPoolWorker-8] Task accounts.tasks.remove_expired_otp_codes[97fc9849-9082-45ec-af8a-9db299226137] succeeded in 0.0010966759982693475s: None
[2023-04-26 11:06:49,858: INFO/MainProcess] Scheduler: Sending due task remove expired otp (accounts.tasks.remove_expired_otp_codes)
[2023-04-26 11:06:49,860: INFO/MainProcess] Task accounts.tasks.remove_expired_otp_codes[f175cda1-bfcb-4060-9547-bf7846294792] received
[2023-04-26 11:06:49,861: INFO/ForkPoolWorker-8] Task accounts.tasks.remove_expired_otp_codes[f175cda1-bfcb-4060-9547-bf7846294792] succeeded in 0.0012009199999738485s: None
[2023-04-26 11:08:49,859: INFO/MainProcess] Scheduler: Sending due task remove expired otp (accounts.tasks.remove_expired_otp_codes)
[2023-04-26 11:08:49,861: INFO/MainProcess] Task accounts.tasks.remove_expired_otp_codes[13ebd5f3-8ac2-42bf-9a6d-d4cc4d262e9e] received
[2023-04-26 11:08:49,862: INFO/ForkPoolWorker-8] Task accounts.tasks.remove_expired_otp_codes[13ebd5f3-8ac2-42bf-9a6d-d4cc4d262e9e] succeeded in 0.0011113889995613135s: None
[2023-04-26 11:10:49,861: INFO/MainProcess] Scheduler: Sending due task remove expired otp (accounts.tasks.remove_expired_otp_codes)
[2023-04-26 11:10:49,862: INFO/MainProcess] Task accounts.tasks.remove_expired_otp_codes[5a7a8732-5980-4325-86cb-effbb2a710ff] received
[2023-04-26 11:10:49,863: INFO/ForkPoolWorker-8] Task accounts.tasks.remove_expired_otp_codes[5a7a8732-5980-4325-86cb-effbb2a710ff] succeeded in 0.0010620940010994673s: None
[2023-04-26 11:12:49,862: INFO/MainProcess] Scheduler: Sending due task remove expired otp (accounts.tasks.remove_expired_otp_codes)
[2023-04-26 11:12:49,863: INFO/MainProcess] Task accounts.tasks.remove_expired_otp_codes[bfadc529-fc85-44d0-8de9-35950c889a2d] received
[2023-04-26 11:12:49,865: INFO/ForkPoolWorker-8] Task accounts.tasks.remove_expired_otp_codes[bfadc529-fc85-44d0-8de9-35950c889a2d] succeeded in 0.0010643999994499609s: None
[2023-04-26 11:14:49,862: INFO/MainProcess] Scheduler: Sending due task remove expired otp (accounts.tasks.remove_expired_otp_codes)
[2023-04-26 11:14:49,863: INFO/MainProcess] Task accounts.tasks.remove_expired_otp_codes[4051e85f-d1e9-43ba-9b5e-f5766b6dde25] received
[2023-04-26 11:14:49,865: INFO/ForkPoolWorker-8] Task accounts.tasks.remove_expired_otp_codes[4051e85f-d1e9-43ba-9b5e-f5766b6dde25] succeeded in 0.0010273190018779133s: None
